level=info msg="Queuing URLs for medin"
level=info msg="URL Count 17462"
level=info contentType="script[type='application/ld+json']" url="https://portal.medin.org.uk/portal/browse_step.php"
level=info contentType="script[type='application/ld+json']" url="https://portal.medin.org.uk/portal/start.php"
level=info contentType="script[type='application/ld+json']" url="https://portal.medin.org.uk/portal/start.php?tpc=010_6eec20b3-b63f-41ba-8bd4-8b4bdf001aca"
level=info contentType="script[type='application/ld+json']" url="https://portal.medin.org.uk/portal/start.php?tpc=010_6eec20b3-b63f-41ba-8bd4-8b4bdf001aca"
level=info contentType="script[type='application/ld+json']" url="https://portal.medin.org.uk/portal/start.php?tpc=002_abc9f747-53b9-0f38-e044-0003ba9b0d98"
level=info contentType="script[type='application/ld+json']" url="https://portal.medin.org.uk/portal/start.php?tpc=002_abc9f747-53b9-0f38-e044-0003ba9b0d98"
level=info contentType="script[type='application/ld+json']" url="https://portal.medin.org.uk/portal/start.php?tpc=010_e12f7d39-5bd9-4e98-9829-03ff62b01b13"
level=info contentType="script[type='application/ld+json']" url="https://portal.medin.org.uk/portal/start.php?tpc=010_e12f7d39-5bd9-4e98-9829-03ff62b01b13"
level=info contentType="script[type='application/ld+json']" url="https://portal.medin.org.uk/portal/start.php?tpc=002_abc9f747-53b4-0f38-e044-0003ba9b0d98"
level=info contentType="script[type='application/ld+json']" url="https://portal.medin.org.uk/portal/start.php?tpc=002_abc9f747-53b4-0f38-e044-0003ba9b0d98"
level=info contentType="script[type='application/ld+json']" url="https://portal.medin.org.uk/portal/start.php?tpc=005_fcbf8fab-7e6b-64ea-e044-002128a47908"
level=info contentType="script[type='application/ld+json']" url="https://portal.medin.org.uk/portal/start.php?tpc=005_fcbf8fab-7e6b-64ea-e044-002128a47908"
level=info contentType="script[type='application/ld+json']" url="https://portal.medin.org.uk/portal/start.php?tpc=002_abc9f747-53e2-0f38-e044-0003ba9b0d98"
level=info contentType="script[type='application/ld+json']" url="https://portal.medin.org.uk/portal/start.php?tpc=002_abc9f747-53e2-0f38-e044-0003ba9b0d98"
level=info contentType="script[type='application/ld+json']" url="https://portal.medin.org.uk/portal/start.php?tpc=002_abc9f747-536a-0f38-e044-0003ba9b0d98"
level=info contentType="script[type='application/ld+json']" url="https://portal.medin.org.uk/portal/start.php?tpc=002_abc9f747-536a-0f38-e044-0003ba9b0d98"
level=info contentType="script[type='application/ld+json']" url="https://portal.medin.org.uk/portal/start.php?tpc=002_a2b1143b-5cf0-23d6-e054-002128a47908"
level=info contentType="script[type='application/ld+json']" url="https://portal.medin.org.uk/portal/start.php?tpc=002_a2b1143b-5cf0-23d6-e054-002128a47908"
level=info contentType="script[type='application/ld+json']" url="https://portal.medin.org.uk/portal/start.php?tpc=005_238cd429-9824-7465-e054-002128a47908"
level=info contentType="script[type='application/ld+json']" url="https://portal.medin.org.uk/portal/start.php?tpc=005_238cd429-9824-7465-e054-002128a47908"
level=info contentType="script[type='application/ld+json']" url="https://portal.medin.org.uk/portal/start.php?tpc=005_ff90f7ab-fdf2-4deb-e044-002128a47908"
level=info contentType="script[type='application/ld+json']" url="https://portal.medin.org.uk/portal/start.php?tpc=005_ff90f7ab-fdf2-4deb-e044-002128a47908"
level=info contentType="script[type='application/ld+json']" url="https://portal.medin.org.uk/portal/start.php?tpc=005_e070beeb-00c2-4d5b-e044-0003ba9b0d98"
level=info contentType="script[type='application/ld+json']" url="https://portal.medin.org.uk/portal/start.php?tpc=005_e070beeb-00c2-4d5b-e044-0003ba9b0d98"
level=info contentType="script[type='application/ld+json']" url="https://portal.medin.org.uk/portal/start.php?tpc=002_d0a65647-1413-58cb-e044-0003ba9b0d98"
level=info contentType="script[type='application/ld+json']" url="https://portal.medin.org.uk/portal/start.php?tpc=002_d0a65647-1413-58cb-e044-0003ba9b0d98"
level=info contentType="script[type='application/ld+json']" url="https://portal.medin.org.uk/portal/start.php?tpc=005_ef3dd9d1-6808-105d-e053-0937940a5ee6"
level=info contentType="script[type='application/ld+json']" url="https://portal.medin.org.uk/portal/start.php?tpc=005_ef3dd9d1-6808-105d-e053-0937940a5ee6"
level=info contentType="script[type='application/ld+json']" url="https://portal.medin.org.uk/portal/start.php?tpc=005_238cd429-9823-7465-e054-002128a47908"
level=info contentType="script[type='application/ld+json']" url="https://portal.medin.org.uk/portal/start.php?tpc=005_238cd429-9823-7465-e054-002128a47908"
level=info contentType="script[type='application/ld+json']" url="https://portal.medin.org.uk/portal/start.php?tpc=002_abc9f747-5485-0f38-e044-0003ba9b0d98"
level=info contentType="script[type='application/ld+json']" url="https://portal.medin.org.uk/portal/start.php?tpc=002_abc9f747-5485-0f38-e044-0003ba9b0d98"
level=info contentType="script[type='application/ld+json']" url="https://portal.medin.org.uk/portal/start.php?tpc=002_abc9f747-5395-0f38-e044-0003ba9b0d98"
level=info contentType="script[type='application/ld+json']" url="https://portal.medin.org.uk/portal/start.php?tpc=002_abc9f747-5395-0f38-e044-0003ba9b0d98"
level=info contentType="script[type='application/ld+json']" url="https://portal.medin.org.uk/portal/start.php?tpc=005_b6ceff29-d813-41a1-e044-0003ba9b0d98"
level=info contentType="script[type='application/ld+json']" url="https://portal.medin.org.uk/portal/start.php?tpc=005_b6ceff29-d813-41a1-e044-0003ba9b0d98"
level=info contentType="script[type='application/ld+json']" url="https://portal.medin.org.uk/portal/start.php?tpc=002_e580fe80-c02d-1bb9-e053-0937940afdbf"
level=info contentType="script[type='application/ld+json']" url="https://portal.medin.org.uk/portal/start.php?tpc=002_e580fe80-c02d-1bb9-e053-0937940afdbf"
level=info contentType="script[type='application/ld+json']" url="https://portal.medin.org.uk/portal/start.php?tpc=005_3dbc8dc1-77c8-14f5-e054-002128a47908"
level=info contentType="script[type='application/ld+json']" url="https://portal.medin.org.uk/portal/start.php?tpc=005_3dbc8dc1-77c8-14f5-e054-002128a47908"
level=info contentType="script[type='application/ld+json']" url="https://portal.medin.org.uk/portal/start.php?tpc=002_a2b1143b-5d5a-23d6-e054-002128a47908"
level=info contentType="script[type='application/ld+json']" url="https://portal.medin.org.uk/portal/start.php?tpc=002_a2b1143b-5d5a-23d6-e054-002128a47908"
level=info contentType="script[type='application/ld+json']" url="https://portal.medin.org.uk/portal/start.php?tpc=005_ef5041f3-8fc5-2d2a-e053-0937940a6398"
level=info contentType="script[type='application/ld+json']" url="https://portal.medin.org.uk/portal/start.php?tpc=005_ef5041f3-8fc5-2d2a-e053-0937940a6398"
level=info contentType="script[type='application/ld+json']" url="https://portal.medin.org.uk/portal/start.php?tpc=002_abc9f747-5373-0f38-e044-0003ba9b0d98"
level=info contentType="script[type='application/ld+json']" url="https://portal.medin.org.uk/portal/start.php?tpc=002_abc9f747-5373-0f38-e044-0003ba9b0d98"
level=info contentType="script[type='application/ld+json']" url="https://portal.medin.org.uk/portal/start.php?tpc=002_abc9f747-53bb-0f38-e044-0003ba9b0d98"
level=info contentType="script[type='application/ld+json']" url="https://portal.medin.org.uk/portal/start.php?tpc=002_abc9f747-53bb-0f38-e044-0003ba9b0d98"
level=info contentType="script[type='application/ld+json']" url="https://portal.medin.org.uk/portal/start.php?tpc=002_abc9f747-53d3-0f38-e044-0003ba9b0d98"
level=info contentType="script[type='application/ld+json']" url="https://portal.medin.org.uk/portal/start.php?tpc=002_abc9f747-53d3-0f38-e044-0003ba9b0d98"
level=info contentType="script[type='application/ld+json']" url="https://portal.medin.org.uk/portal/start.php?tpc=005_b616c76a-263c-63f9-e044-0003ba9b0d98"
level=info contentType="script[type='application/ld+json']" url="https://portal.medin.org.uk/portal/start.php?tpc=005_b616c76a-263c-63f9-e044-0003ba9b0d98"
level=info contentType="script[type='application/ld+json']" url="https://portal.medin.org.uk/portal/start.php?tpc=005_bd557dab-34c9-4d36-e044-0003ba9b0d98"
level=info contentType="script[type='application/ld+json']" url="https://portal.medin.org.uk/portal/start.php?tpc=005_bd557dab-34c9-4d36-e044-0003ba9b0d98"
level=info contentType="script[type='application/ld+json']" url="https://portal.medin.org.uk/portal/start.php?tpc=005_404f55ff-7d03-4ada-e054-002128a47908"
level=info contentType="script[type='application/ld+json']" url="https://portal.medin.org.uk/portal/start.php?tpc=005_404f55ff-7d03-4ada-e054-002128a47908"
level=info contentType="script[type='application/ld+json']" url="https://portal.medin.org.uk/portal/start.php?tpc=010_96cdd935-1f84-436b-8f74-e6b1d959ac58"
level=info contentType="script[type='application/ld+json']" url="https://portal.medin.org.uk/portal/start.php?tpc=010_96cdd935-1f84-436b-8f74-e6b1d959ac58"
level=info contentType="script[type='application/ld+json']" url="https://portal.medin.org.uk/portal/start.php?tpc=002_abc9f747-5495-0f38-e044-0003ba9b0d98"
level=info contentType="script[type='application/ld+json']" url="https://portal.medin.org.uk/portal/start.php?tpc=002_abc9f747-5495-0f38-e044-0003ba9b0d98"
level=info contentType="script[type='application/ld+json']" url="https://portal.medin.org.uk/portal/start.php?tpc=002_abc9f747-53d5-0f38-e044-0003ba9b0d98"
level=info contentType="script[type='application/ld+json']" url="https://portal.medin.org.uk/portal/start.php?tpc=002_abc9f747-53d5-0f38-e044-0003ba9b0d98"
level=info contentType="script[type='application/ld+json']" url="https://portal.medin.org.uk/portal/start.php?tpc=005_532caa64-85f9-6662-e054-002128a47908"
level=info contentType="script[type='application/ld+json']" url="https://portal.medin.org.uk/portal/start.php?tpc=005_532caa64-85f9-6662-e054-002128a47908"
level=info contentType="script[type='application/ld+json']" url="https://portal.medin.org.uk/portal/start.php?tpc=002_abc9f747-5427-0f38-e044-0003ba9b0d98"
level=info contentType="script[type='application/ld+json']" url="https://portal.medin.org.uk/portal/start.php?tpc=002_abc9f747-5427-0f38-e044-0003ba9b0d98"
level=info contentType="script[type='application/ld+json']" url="https://portal.medin.org.uk/portal/start.php?tpc=005_e3325000-e6b4-23a4-e044-0003ba9b0d98"
level=info contentType="script[type='application/ld+json']" url="https://portal.medin.org.uk/portal/start.php?tpc=005_e3325000-e6b4-23a4-e044-0003ba9b0d98"
level=info contentType="script[type='application/ld+json']" url="https://portal.medin.org.uk/portal/start.php?tpc=002_abc9f747-536c-0f38-e044-0003ba9b0d98"
level=info contentType="script[type='application/ld+json']" url="https://portal.medin.org.uk/portal/start.php?tpc=002_abc9f747-536c-0f38-e044-0003ba9b0d98"
level=info contentType="script[type='application/ld+json']" url="https://portal.medin.org.uk/portal/start.php?tpc=010_d6dcedd2-57ae-40dc-b59e-4822f285ac90"
level=info contentType="script[type='application/ld+json']" url="https://portal.medin.org.uk/portal/start.php?tpc=010_d6dcedd2-57ae-40dc-b59e-4822f285ac90"
level=info contentType="script[type='application/ld+json']" url="https://portal.medin.org.uk/portal/start.php?tpc=010_f2a43ca7-b8ed-4680-80ac-2872bd738d6e"
level=info contentType="script[type='application/ld+json']" url="https://portal.medin.org.uk/portal/start.php?tpc=010_f2a43ca7-b8ed-4680-80ac-2872bd738d6e"
level=info contentType="script[type='application/ld+json']" url="https://portal.medin.org.uk/portal/start.php?tpc=010_f1bc562e-df18-4a66-99a9-e369e9f325bc"
level=info contentType="script[type='application/ld+json']" url="https://portal.medin.org.uk/portal/start.php?tpc=010_f1bc562e-df18-4a66-99a9-e369e9f325bc"
level=info contentType="script[type='application/ld+json']" url="https://portal.medin.org.uk/portal/start.php?tpc=002_abc9f747-5371-0f38-e044-0003ba9b0d98"
level=info contentType="script[type='application/ld+json']" url="https://portal.medin.org.uk/portal/start.php?tpc=002_abc9f747-5371-0f38-e044-0003ba9b0d98"
level=info contentType="script[type='application/ld+json']" url="https://portal.medin.org.uk/portal/start.php?tpc=010_8bfc2575-924d-40a6-af12-297dcc69cd1e"
level=info contentType="script[type='application/ld+json']" url="https://portal.medin.org.uk/portal/start.php?tpc=010_8bfc2575-924d-40a6-af12-297dcc69cd1e"
level=info contentType="script[type='application/ld+json']" url="https://portal.medin.org.uk/portal/start.php?tpc=010_cfd70ec5-e938-4cb1-8499-8cbf74947474"
level=info contentType="script[type='application/ld+json']" url="https://portal.medin.org.uk/portal/start.php?tpc=010_cfd70ec5-e938-4cb1-8499-8cbf74947474"
level=info contentType="script[type='application/ld+json']" url="https://portal.medin.org.uk/portal/start.php?tpc=015_782091f5be9c5aeca4d5c1a67de8d97d"
level=info contentType="script[type='application/ld+json']" url="https://portal.medin.org.uk/portal/start.php?tpc=015_782091f5be9c5aeca4d5c1a67de8d97d"
level=info contentType="script[type='application/ld+json']" url="https://portal.medin.org.uk/portal/start.php?tpc=002_abc9f747-548a-0f38-e044-0003ba9b0d98"
level=info contentType="script[type='application/ld+json']" url="https://portal.medin.org.uk/portal/start.php?tpc=002_abc9f747-548a-0f38-e044-0003ba9b0d98"
level=info contentType="script[type='application/ld+json']" url="https://portal.medin.org.uk/portal/start.php?tpc=005_ec8b7568-8c7b-639e-e044-002128a47908"
level=info contentType="script[type='application/ld+json']" url="https://portal.medin.org.uk/portal/start.php?tpc=005_ec8b7568-8c7b-639e-e044-002128a47908"
level=info contentType="script[type='application/ld+json']" url="https://portal.medin.org.uk/portal/start.php?tpc=002_e580fe80-c02c-1bb9-e053-0937940afdbf"
level=info contentType="script[type='application/ld+json']" url="https://portal.medin.org.uk/portal/start.php?tpc=002_e580fe80-c02c-1bb9-e053-0937940afdbf"
level=info contentType="script[type='application/ld+json']" url="https://portal.medin.org.uk/portal/start.php?tpc=002_d5390b60-2eec-0905-e044-0003ba9b0d98"
level=info contentType="script[type='application/ld+json']" url="https://portal.medin.org.uk/portal/start.php?tpc=002_d5390b60-2eec-0905-e044-0003ba9b0d98"
level=info contentType="script[type='application/ld+json']" url="https://portal.medin.org.uk/portal/start.php?tpc=010_2313de00-a4d8-4d90-96e4-ed327d8ebb0c"
level=info contentType="script[type='application/ld+json']" url="https://portal.medin.org.uk/portal/start.php?tpc=010_2313de00-a4d8-4d90-96e4-ed327d8ebb0c"
level=info contentType="script[type='application/ld+json']" url="https://portal.medin.org.uk/portal/start.php?tpc=002_abc9f747-5492-0f38-e044-0003ba9b0d98"
level=info contentType="script[type='application/ld+json']" url="https://portal.medin.org.uk/portal/start.php?tpc=002_abc9f747-5492-0f38-e044-0003ba9b0d98"
level=info contentType="script[type='application/ld+json']" url="https://portal.medin.org.uk/portal/start.php?tpc=002_a2b1143b-5d48-23d6-e054-002128a47908"
level=info contentType="script[type='application/ld+json']" url="https://portal.medin.org.uk/portal/start.php?tpc=002_a2b1143b-5d48-23d6-e054-002128a47908"
level=info contentType="script[type='application/ld+json']" url="https://portal.medin.org.uk/portal/start.php?tpc=002_e580fe80-c03b-1bb9-e053-0937940afdbf"
level=info contentType="script[type='application/ld+json']" url="https://portal.medin.org.uk/portal/start.php?tpc=002_e580fe80-c03b-1bb9-e053-0937940afdbf"
level=info contentType="script[type='application/ld+json']" url="https://portal.medin.org.uk/portal/start.php?tpc=005_555f80b1-06a9-59b3-e054-002128a47908"
level=info contentType="script[type='application/ld+json']" url="https://portal.medin.org.uk/portal/start.php?tpc=005_555f80b1-06a9-59b3-e054-002128a47908"
level=info contentType="script[type='application/ld+json']" url="https://portal.medin.org.uk/portal/start.php?tpc=002_abc9f747-53de-0f38-e044-0003ba9b0d98"
level=info contentType="script[type='application/ld+json']" url="https://portal.medin.org.uk/portal/start.php?tpc=002_abc9f747-53de-0f38-e044-0003ba9b0d98"
level=info contentType="script[type='application/ld+json']" url="https://portal.medin.org.uk/portal/start.php?tpc=005_f3393a40-2341-4737-e044-002128a47908"
level=info contentType="script[type='application/ld+json']" url="https://portal.medin.org.uk/portal/start.php?tpc=005_f3393a40-2341-4737-e044-002128a47908"
level=info contentType="script[type='application/ld+json']" url="https://portal.medin.org.uk/portal/start.php?tpc=005_f29b29ba-f396-5b6a-e044-002128a47908"
level=info contentType="script[type='application/ld+json']" url="https://portal.medin.org.uk/portal/start.php?tpc=005_f29b29ba-f396-5b6a-e044-002128a47908"
level=info contentType="script[type='application/ld+json']" url="https://portal.medin.org.uk/portal/start.php?tpc=005_6ccdb7dc-a25c-09c7-e054-002128a47908"
level=info contentType="script[type='application/ld+json']" url="https://portal.medin.org.uk/portal/start.php?tpc=005_6ccdb7dc-a25c-09c7-e054-002128a47908"
level=info contentType="script[type='application/ld+json']" url="https://portal.medin.org.uk/portal/start.php?tpc=002_a2b1143b-5d07-23d6-e054-002128a47908"
level=info contentType="script[type='application/ld+json']" url="https://portal.medin.org.uk/portal/start.php?tpc=002_a2b1143b-5d07-23d6-e054-002128a47908"
level=info contentType="script[type='application/ld+json']" url="https://portal.medin.org.uk/portal/start.php?tpc=002_abc9f747-549b-0f38-e044-0003ba9b0d98"
level=info contentType="script[type='application/ld+json']" url="https://portal.medin.org.uk/portal/start.php?tpc=002_abc9f747-549b-0f38-e044-0003ba9b0d98"
level=info contentType="script[type='application/ld+json']" url="https://portal.medin.org.uk/portal/start.php?tpc=005_bef60f26-b453-2e8e-e044-0003ba9b0d98"
level=info contentType="script[type='application/ld+json']" url="https://portal.medin.org.uk/portal/start.php?tpc=005_bef60f26-b453-2e8e-e044-0003ba9b0d98"
level=info contentType="script[type='application/ld+json']" url="https://portal.medin.org.uk/portal/start.php?tpc=002_e580fe80-c03e-1bb9-e053-0937940afdbf"
level=info contentType="script[type='application/ld+json']" url="https://portal.medin.org.uk/portal/start.php?tpc=002_e580fe80-c03e-1bb9-e053-0937940afdbf"
level=info contentType="script[type='application/ld+json']" url="https://portal.medin.org.uk/portal/start.php?tpc=002_abc9f747-53e0-0f38-e044-0003ba9b0d98"
level=info contentType="script[type='application/ld+json']" url="https://portal.medin.org.uk/portal/start.php?tpc=002_abc9f747-53e0-0f38-e044-0003ba9b0d98"
level=info contentType="script[type='application/ld+json']" url="https://portal.medin.org.uk/portal/start.php?tpc=005_fcbf8fab-7e6c-64ea-e044-002128a47908"
level=info contentType="script[type='application/ld+json']" url="https://portal.medin.org.uk/portal/start.php?tpc=005_fcbf8fab-7e6c-64ea-e044-002128a47908"
level=info contentType="script[type='application/ld+json']" url="https://portal.medin.org.uk/portal/start.php?tpc=002_abc9f747-5339-0f38-e044-0003ba9b0d98"
level=info contentType="script[type='application/ld+json']" url="https://portal.medin.org.uk/portal/start.php?tpc=002_abc9f747-5339-0f38-e044-0003ba9b0d98"
level=info contentType="script[type='application/ld+json']" url="https://portal.medin.org.uk/portal/start.php?tpc=002_ae793130-6f63-24de-e044-0003ba9b0d98"
level=info contentType="script[type='application/ld+json']" url="https://portal.medin.org.uk/portal/start.php?tpc=002_ae793130-6f63-24de-e044-0003ba9b0d98"
level=info contentType="script[type='application/ld+json']" url="https://portal.medin.org.uk/portal/start.php?tpc=005_a6d7eee1-3d17-0370-e044-0003ba9b0d98"
level=info contentType="script[type='application/ld+json']" url="https://portal.medin.org.uk/portal/start.php?tpc=005_a6d7eee1-3d17-0370-e044-0003ba9b0d98"
level=info contentType="script[type='application/ld+json']" url="https://portal.medin.org.uk/portal/start.php?tpc=005_c88d5e3d-509c-1b29-e044-0003ba9b0d98"
level=info contentType="script[type='application/ld+json']" url="https://portal.medin.org.uk/portal/start.php?tpc=005_c88d5e3d-509c-1b29-e044-0003ba9b0d98"
level=info contentType="script[type='application/ld+json']" url="https://portal.medin.org.uk/portal/start.php?tpc=002_e580fe80-c04c-1bb9-e053-0937940afdbf"
level=info contentType="script[type='application/ld+json']" url="https://portal.medin.org.uk/portal/start.php?tpc=002_e580fe80-c04c-1bb9-e053-0937940afdbf"
level=info contentType="script[type='application/ld+json']" url="https://portal.medin.org.uk/portal/start.php?tpc=002_b200dd9f-92f0-045c-e044-0003ba9b0d98"
level=info contentType="script[type='application/ld+json']" url="https://portal.medin.org.uk/portal/start.php?tpc=002_b200dd9f-92f0-045c-e044-0003ba9b0d98"
level=info contentType="script[type='application/ld+json']" url="https://portal.medin.org.uk/portal/start.php?tpc=002_abc9f747-5441-0f38-e044-0003ba9b0d98"
level=info contentType="script[type='application/ld+json']" url="https://portal.medin.org.uk/portal/start.php?tpc=002_abc9f747-5441-0f38-e044-0003ba9b0d98"
level=info contentType="script[type='application/ld+json']" url="https://portal.medin.org.uk/portal/start.php?tpc=005_6f8a1de3-36bd-439e-e054-002128a47908"
level=info contentType="script[type='application/ld+json']" url="https://portal.medin.org.uk/portal/start.php?tpc=005_6f8a1de3-36bd-439e-e054-002128a47908"
level=info contentType="script[type='application/ld+json']" url="https://portal.medin.org.uk/portal/start.php?tpc=005_7c1cdfd4-bb04-0aab-e054-002128a47908"
level=info contentType="script[type='application/ld+json']" url="https://portal.medin.org.uk/portal/start.php?tpc=005_7c1cdfd4-bb04-0aab-e054-002128a47908"
level=info contentType="script[type='application/ld+json']" url="https://portal.medin.org.uk/portal/start.php?tpc=002_e580fe80-c04d-1bb9-e053-0937940afdbf"
level=info contentType="script[type='application/ld+json']" url="https://portal.medin.org.uk/portal/start.php?tpc=002_e580fe80-c04d-1bb9-e053-0937940afdbf"
level=info contentType="script[type='application/ld+json']" url="https://portal.medin.org.uk/portal/start.php?tpc=002_abc9f747-5437-0f38-e044-0003ba9b0d98"
level=info contentType="script[type='application/ld+json']" url="https://portal.medin.org.uk/portal/start.php?tpc=002_abc9f747-5437-0f38-e044-0003ba9b0d98"
level=info contentType="script[type='application/ld+json']" url="https://portal.medin.org.uk/portal/start.php?tpc=005_caebf6b0-dd25-19f2-e054-002128a47908"
level=info contentType="script[type='application/ld+json']" url="https://portal.medin.org.uk/portal/start.php?tpc=005_caebf6b0-dd25-19f2-e054-002128a47908"
level=info contentType="script[type='application/ld+json']" url="https://portal.medin.org.uk/portal/start.php?tpc=002_a2b1143b-5d10-23d6-e054-002128a47908"
level=info contentType="script[type='application/ld+json']" url="https://portal.medin.org.uk/portal/start.php?tpc=002_a2b1143b-5d10-23d6-e054-002128a47908"
level=info contentType="script[type='application/ld+json']" url="https://portal.medin.org.uk/portal/start.php?tpc=005_c3993ee0-30ae-1c58-e044-0003ba9b0d98"
level=info contentType="script[type='application/ld+json']" url="https://portal.medin.org.uk/portal/start.php?tpc=005_c3993ee0-30ae-1c58-e044-0003ba9b0d98"
level=info contentType="script[type='application/ld+json']" url="https://portal.medin.org.uk/portal/start.php?tpc=002_a2b1143b-5d21-23d6-e054-002128a47908"
level=info contentType="script[type='application/ld+json']" url="https://portal.medin.org.uk/portal/start.php?tpc=002_a2b1143b-5d21-23d6-e054-002128a47908"
level=info contentType="script[type='application/ld+json']" url="https://portal.medin.org.uk/portal/start.php?tpc=002_e580fe80-c05f-1bb9-e053-0937940afdbf"
level=info contentType="script[type='application/ld+json']" url="https://portal.medin.org.uk/portal/start.php?tpc=002_e580fe80-c05f-1bb9-e053-0937940afdbf"
level=info contentType="script[type='application/ld+json']" url="https://portal.medin.org.uk/portal/start.php?tpc=005_a6d7eee1-3d1e-0370-e044-0003ba9b0d98"
level=info contentType="script[type='application/ld+json']" url="https://portal.medin.org.uk/portal/start.php?tpc=005_a6d7eee1-3d1e-0370-e044-0003ba9b0d98"
level=info contentType="script[type='application/ld+json']" url="https://portal.medin.org.uk/portal/start.php?tpc=002_b98fa119-9cb7-5de1-e044-0003ba9b0d98"
level=info contentType="script[type='application/ld+json']" url="https://portal.medin.org.uk/portal/start.php?tpc=002_b98fa119-9cb7-5de1-e044-0003ba9b0d98"
level=info contentType="script[type='application/ld+json']" url="https://portal.medin.org.uk/portal/start.php?tpc=005_ae63598e-9881-60b7-e044-0003ba9b0d98"
level=info contentType="script[type='application/ld+json']" url="https://portal.medin.org.uk/portal/start.php?tpc=005_ae63598e-9881-60b7-e044-0003ba9b0d98"
level=info contentType="script[type='application/ld+json']" url="https://portal.medin.org.uk/portal/start.php?tpc=005_85b391a0-a068-32ed-e054-002128a47908"
level=info contentType="script[type='application/ld+json']" url="https://portal.medin.org.uk/portal/start.php?tpc=005_85b391a0-a068-32ed-e054-002128a47908"
level=info contentType="script[type='application/ld+json']" url="https://portal.medin.org.uk/portal/start.php?tpc=005_ff90f7ab-fdf1-4deb-e044-002128a47908"
level=info contentType="script[type='application/ld+json']" url="https://portal.medin.org.uk/portal/start.php?tpc=005_ff90f7ab-fdf1-4deb-e044-002128a47908"
level=info contentType="script[type='application/ld+json']" url="https://portal.medin.org.uk/portal/start.php?tpc=002_e580fe80-c05e-1bb9-e053-0937940afdbf"
level=info contentType="script[type='application/ld+json']" url="https://portal.medin.org.uk/portal/start.php?tpc=002_e580fe80-c05e-1bb9-e053-0937940afdbf"
level=info contentType="script[type='application/ld+json']" url="https://portal.medin.org.uk/portal/start.php?tpc=002_a2b1143b-5d27-23d6-e054-002128a47908"
level=info contentType="script[type='application/ld+json']" url="https://portal.medin.org.uk/portal/start.php?tpc=002_a2b1143b-5d27-23d6-e054-002128a47908"
level=info contentType="script[type='application/ld+json']" url="https://portal.medin.org.uk/portal/start.php?tpc=005_8d50e69f-d2a7-7253-e054-002128a47908"
level=info contentType="script[type='application/ld+json']" url="https://portal.medin.org.uk/portal/start.php?tpc=005_8d50e69f-d2a7-7253-e054-002128a47908"
level=info contentType="script[type='application/ld+json']" url="https://portal.medin.org.uk/portal/start.php?tpc=005_ae63598e-9883-60b7-e044-0003ba9b0d98"
level=info contentType="script[type='application/ld+json']" url="https://portal.medin.org.uk/portal/start.php?tpc=005_ae63598e-9883-60b7-e044-0003ba9b0d98"
level=info contentType="script[type='application/ld+json']" url="https://portal.medin.org.uk/portal/start.php?tpc=005_cb24b5d9-6643-5be4-e044-0003ba9b0d98"
level=info contentType="script[type='application/ld+json']" url="https://portal.medin.org.uk/portal/start.php?tpc=005_cb24b5d9-6643-5be4-e044-0003ba9b0d98"
level=info contentType="script[type='application/ld+json']" url="https://portal.medin.org.uk/portal/start.php?tpc=002_f86998b9-7a83-0f3a-e044-002128a47908"
level=info contentType="script[type='application/ld+json']" url="https://portal.medin.org.uk/portal/start.php?tpc=002_f86998b9-7a83-0f3a-e044-002128a47908"
level=info contentType="script[type='application/ld+json']" url="https://portal.medin.org.uk/portal/start.php?tpc=002_c5a7ef2f-f8c5-066c-e044-0003ba9b0d98"
level=info contentType="script[type='application/ld+json']" url="https://portal.medin.org.uk/portal/start.php?tpc=002_c5a7ef2f-f8c5-066c-e044-0003ba9b0d98"
level=info contentType="script[type='application/ld+json']" url="https://portal.medin.org.uk/portal/start.php?tpc=002_a2b1143b-5d29-23d6-e054-002128a47908"
level=info contentType="script[type='application/ld+json']" url="https://portal.medin.org.uk/portal/start.php?tpc=002_a2b1143b-5d29-23d6-e054-002128a47908"
level=info contentType="script[type='application/ld+json']" url="https://portal.medin.org.uk/portal/start.php?tpc=002_a2b1143b-5d09-23d6-e054-002128a47908"
level=info contentType="script[type='application/ld+json']" url="https://portal.medin.org.uk/portal/start.php?tpc=002_a2b1143b-5d09-23d6-e054-002128a47908"
level=info contentType="script[type='application/ld+json']" url="https://portal.medin.org.uk/portal/start.php?tpc=002_a2b1143b-5cc8-23d6-e054-002128a47908"
level=info contentType="script[type='application/ld+json']" url="https://portal.medin.org.uk/portal/start.php?tpc=002_a2b1143b-5cc8-23d6-e054-002128a47908"
level=info contentType="script[type='application/ld+json']" url="https://portal.medin.org.uk/portal/start.php?tpc=005_cd86591b-76b3-335b-e044-0003ba9b0d98"
level=info contentType="script[type='application/ld+json']" url="https://portal.medin.org.uk/portal/start.php?tpc=005_cd86591b-76b3-335b-e044-0003ba9b0d98"
level=info contentType="script[type='application/ld+json']" url="https://portal.medin.org.uk/portal/start.php?tpc=005_cff3c6c5-5003-0e29-e044-0003ba9b0d98"
level=info contentType="script[type='application/ld+json']" url="https://portal.medin.org.uk/portal/start.php?tpc=005_cff3c6c5-5003-0e29-e044-0003ba9b0d98"
level=info contentType="script[type='application/ld+json']" url="https://portal.medin.org.uk/portal/start.php?tpc=002_a2b1143b-5cd9-23d6-e054-002128a47908"
level=info contentType="script[type='application/ld+json']" url="https://portal.medin.org.uk/portal/start.php?tpc=002_a2b1143b-5cd9-23d6-e054-002128a47908"
level=info contentType="script[type='application/ld+json']" url="https://portal.medin.org.uk/portal/start.php?tpc=005_8d50e69f-d2a9-7253-e054-002128a47908"
level=info contentType="script[type='application/ld+json']" url="https://portal.medin.org.uk/portal/start.php?tpc=005_8d50e69f-d2a9-7253-e054-002128a47908"
level=info contentType="script[type='application/ld+json']" url="https://portal.medin.org.uk/portal/start.php?tpc=002_a2b1143b-5cf1-23d6-e054-002128a47908"
level=info contentType="script[type='application/ld+json']" url="https://portal.medin.org.uk/portal/start.php?tpc=002_a2b1143b-5cf1-23d6-e054-002128a47908"
level=info contentType="script[type='application/ld+json']" url="https://portal.medin.org.uk/portal/start.php?tpc=002_a2b1143b-5ce2-23d6-e054-002128a47908"
level=info contentType="script[type='application/ld+json']" url="https://portal.medin.org.uk/portal/start.php?tpc=002_a2b1143b-5ce2-23d6-e054-002128a47908"
level=info contentType="script[type='application/ld+json']" url="https://portal.medin.org.uk/portal/start.php?tpc=002_a2b1143b-5d02-23d6-e054-002128a47908"
level=info contentType="script[type='application/ld+json']" url="https://portal.medin.org.uk/portal/start.php?tpc=002_a2b1143b-5d02-23d6-e054-002128a47908"
level=info contentType="script[type='application/ld+json']" url="https://portal.medin.org.uk/portal/start.php?tpc=002_a2b1143b-5d30-23d6-e054-002128a47908"
level=info contentType="script[type='application/ld+json']" url="https://portal.medin.org.uk/portal/start.php?tpc=002_a2b1143b-5d30-23d6-e054-002128a47908"
level=info contentType="script[type='application/ld+json']" url="https://portal.medin.org.uk/portal/start.php?tpc=003_c35e3405-9daf-6d8b-e044-0003ba9b0d98"
level=info contentType="script[type='application/ld+json']" url="https://portal.medin.org.uk/portal/start.php?tpc=003_c35e3405-9daf-6d8b-e044-0003ba9b0d98"
level=info contentType="script[type='application/ld+json']" url="https://portal.medin.org.uk/portal/start.php?tpc=002_a2b1143b-5d3a-23d6-e054-002128a47908"
level=info contentType="script[type='application/ld+json']" url="https://portal.medin.org.uk/portal/start.php?tpc=002_a2b1143b-5d3a-23d6-e054-002128a47908"
level=info contentType="script[type='application/ld+json']" url="https://portal.medin.org.uk/portal/start.php?tpc=002_a2b1143b-5cf3-23d6-e054-002128a47908"
level=info contentType="script[type='application/ld+json']" url="https://portal.medin.org.uk/portal/start.php?tpc=002_a2b1143b-5cf3-23d6-e054-002128a47908"
level=info contentType="script[type='application/ld+json']" url="https://portal.medin.org.uk/portal/start.php?tpc=005_cfb98d54-2cc5-0a75-e044-0003ba9b0d98"
level=info contentType="script[type='application/ld+json']" url="https://portal.medin.org.uk/portal/start.php?tpc=005_cfb98d54-2cc5-0a75-e044-0003ba9b0d98"
level=info contentType="script[type='application/ld+json']" url="https://portal.medin.org.uk/portal/start.php?tpc=002_a2b1143b-5d32-23d6-e054-002128a47908"
level=info contentType="script[type='application/ld+json']" url="https://portal.medin.org.uk/portal/start.php?tpc=002_a2b1143b-5d32-23d6-e054-002128a47908"
level=info contentType="script[type='application/ld+json']" url="https://portal.medin.org.uk/portal/start.php?tpc=005_92e49893-a2ab-6ced-e054-002128a47908"
level=info contentType="script[type='application/ld+json']" url="https://portal.medin.org.uk/portal/start.php?tpc=005_92e49893-a2ab-6ced-e054-002128a47908"
level=info contentType="script[type='application/ld+json']" url="https://portal.medin.org.uk/portal/start.php?tpc=002_a2b1143b-5d28-23d6-e054-002128a47908"
level=info contentType="script[type='application/ld+json']" url="https://portal.medin.org.uk/portal/start.php?tpc=002_a2b1143b-5d28-23d6-e054-002128a47908"
level=info contentType="script[type='application/ld+json']" url="https://portal.medin.org.uk/portal/start.php?tpc=005_ba31d992-2df5-54e8-e044-0003ba9b0d98"
level=info contentType="script[type='application/ld+json']" url="https://portal.medin.org.uk/portal/start.php?tpc=005_ba31d992-2df5-54e8-e044-0003ba9b0d98"
level=info contentType="script[type='application/ld+json']" url="https://portal.medin.org.uk/portal/start.php?tpc=002_a2b1143b-5d49-23d6-e054-002128a47908"
level=info contentType="script[type='application/ld+json']" url="https://portal.medin.org.uk/portal/start.php?tpc=002_a2b1143b-5d49-23d6-e054-002128a47908"
level=info contentType="script[type='application/ld+json']" url="https://portal.medin.org.uk/portal/start.php?tpc=005_a6d7eee1-3d20-0370-e044-0003ba9b0d98"
level=info contentType="script[type='application/ld+json']" url="https://portal.medin.org.uk/portal/start.php?tpc=005_a6d7eee1-3d20-0370-e044-0003ba9b0d98"
level=info contentType="script[type='application/ld+json']" url="https://portal.medin.org.uk/portal/start.php?tpc=002_a2b1143b-5d41-23d6-e054-002128a47908"
level=info contentType="script[type='application/ld+json']" url="https://portal.medin.org.uk/portal/start.php?tpc=002_a2b1143b-5d41-23d6-e054-002128a47908"
level=info contentType="script[type='application/ld+json']" url="https://portal.medin.org.uk/portal/start.php?tpc=002_a2b1143b-5d4d-23d6-e054-002128a47908"
level=info contentType="script[type='application/ld+json']" url="https://portal.medin.org.uk/portal/start.php?tpc=002_a2b1143b-5d4d-23d6-e054-002128a47908"
level=info contentType="script[type='application/ld+json']" url="https://portal.medin.org.uk/portal/start.php?tpc=002_a2b1143b-5ce8-23d6-e054-002128a47908"
level=info contentType="script[type='application/ld+json']" url="https://portal.medin.org.uk/portal/start.php?tpc=002_a2b1143b-5ce8-23d6-e054-002128a47908"
level=info contentType="script[type='application/ld+json']" url="https://portal.medin.org.uk/portal/start.php?tpc=002_c96da843-ebfc-672e-e044-0003ba9b0d98"
level=info contentType="script[type='application/ld+json']" url="https://portal.medin.org.uk/portal/start.php?tpc=002_c96da843-ebfc-672e-e044-0003ba9b0d98"
level=info contentType="script[type='application/ld+json']" url="https://portal.medin.org.uk/portal/start.php?tpc=005_99f924ac-769c-4383-e054-002128a47908"
level=info contentType="script[type='application/ld+json']" url="https://portal.medin.org.uk/portal/start.php?tpc=005_99f924ac-769c-4383-e054-002128a47908"
level=info contentType="script[type='application/ld+json']" url="https://portal.medin.org.uk/portal/start.php?tpc=003_c35e3405-9db0-6d8b-e044-0003ba9b0d98"
level=info contentType="script[type='application/ld+json']" url="https://portal.medin.org.uk/portal/start.php?tpc=003_c35e3405-9db0-6d8b-e044-0003ba9b0d98"
level=info contentType="script[type='application/ld+json']" url="https://portal.medin.org.uk/portal/start.php?tpc=005_ba40597f-e0da-1d5b-e044-0003ba9b0d98"
level=info contentType="script[type='application/ld+json']" url="https://portal.medin.org.uk/portal/start.php?tpc=005_ba40597f-e0da-1d5b-e044-0003ba9b0d98"
level=info contentType="script[type='application/ld+json']" url="https://portal.medin.org.uk/portal/start.php?tpc=005_dd796597-2f5c-65cf-e044-0003ba9b0d98"
level=info contentType="script[type='application/ld+json']" url="https://portal.medin.org.uk/portal/start.php?tpc=005_dd796597-2f5c-65cf-e044-0003ba9b0d98"
level=info contentType="script[type='application/ld+json']" url="https://portal.medin.org.uk/portal/start.php?tpc=002_a2b1143b-5ceb-23d6-e054-002128a47908"
level=info contentType="script[type='application/ld+json']" url="https://portal.medin.org.uk/portal/start.php?tpc=002_a2b1143b-5ceb-23d6-e054-002128a47908"
level=info contentType="script[type='application/ld+json']" url="https://portal.medin.org.uk/portal/start.php?tpc=002_a2b1143b-5cec-23d6-e054-002128a47908"
level=info contentType="script[type='application/ld+json']" url="https://portal.medin.org.uk/portal/start.php?tpc=002_a2b1143b-5cec-23d6-e054-002128a47908"
level=info contentType="script[type='application/ld+json']" url="https://portal.medin.org.uk/portal/start.php?tpc=002_a2b1143b-5d13-23d6-e054-002128a47908"
level=info contentType="script[type='application/ld+json']" url="https://portal.medin.org.uk/portal/start.php?tpc=002_a2b1143b-5d13-23d6-e054-002128a47908"
level=info contentType="script[type='application/ld+json']" url="https://portal.medin.org.uk/portal/start.php?tpc=005_e070beeb-00c0-4d5b-e044-0003ba9b0d98"
level=info contentType="script[type='application/ld+json']" url="https://portal.medin.org.uk/portal/start.php?tpc=005_e070beeb-00c0-4d5b-e044-0003ba9b0d98"
level=info contentType="script[type='application/ld+json']" url="https://portal.medin.org.uk/portal/start.php?tpc=005_9b771d37-0959-58fc-e054-002128a47908"
level=info contentType="script[type='application/ld+json']" url="https://portal.medin.org.uk/portal/start.php?tpc=005_9b771d37-0959-58fc-e054-002128a47908"
level=info contentType="script[type='application/ld+json']" url="https://portal.medin.org.uk/portal/start.php?tpc=002_a2b1143b-5cf9-23d6-e054-002128a47908"
level=info contentType="script[type='application/ld+json']" url="https://portal.medin.org.uk/portal/start.php?tpc=002_a2b1143b-5cf9-23d6-e054-002128a47908"
level=info contentType="script[type='application/ld+json']" url="https://portal.medin.org.uk/portal/start.php?tpc=002_a2b1143b-5d4e-23d6-e054-002128a47908"
level=info contentType="script[type='application/ld+json']" url="https://portal.medin.org.uk/portal/start.php?tpc=002_a2b1143b-5d4e-23d6-e054-002128a47908"
level=info contentType="script[type='application/ld+json']" url="https://portal.medin.org.uk/portal/start.php?tpc=002_a2b1143b-5d57-23d6-e054-002128a47908"
level=info contentType="script[type='application/ld+json']" url="https://portal.medin.org.uk/portal/start.php?tpc=002_a2b1143b-5d57-23d6-e054-002128a47908"
level=info contentType="script[type='application/ld+json']" url="https://portal.medin.org.uk/portal/start.php?tpc=002_cf411c00-28eb-308f-e054-002128a47908"
level=info contentType="script[type='application/ld+json']" url="https://portal.medin.org.uk/portal/start.php?tpc=002_cf411c00-28eb-308f-e054-002128a47908"
level=info contentType="script[type='application/ld+json']" url="https://portal.medin.org.uk/portal/start.php?tpc=005_bea83c76-3978-15fb-e044-0003ba9b0d98"
level=info contentType="script[type='application/ld+json']" url="https://portal.medin.org.uk/portal/start.php?tpc=005_bea83c76-3978-15fb-e044-0003ba9b0d98"
