level=info msg="Queuing URLs for oceanscape"
level=info msg="URL Count 115"
level=info contentType="script[type='application/ld+json']" url="https://oceanscape.org/organisation/chlorophyll-globally-integrated-network/"
level=info contentType="script[type='application/ld+json']" url="https://oceanscape.org/organisation/global-alliance-of-continuous-plankton-recorder-surveys/"
level=info contentType="script[type='application/ld+json']" url="https://oceanscape.org/organisation/group-on-earth-observations/"
level=info contentType="script[type='application/ld+json']" url="https://oceanscape.org/organisation/committee-on-earth-observation-satellites/"
level=info contentType="script[type='application/ld+json']" url="https://oceanscape.org/organisation/european-maritime-safety-agency/"
level=info contentType="script[type='application/ld+json']" url="https://oceanscape.org/organisation/international-oceanographic-data-and-information-exchange-of-ioc-unesco/"
level=info contentType="script[type='application/ld+json']" url="https://oceanscape.org/organisation/southern-ocean-observing-system/"
level=info contentType="script[type='application/ld+json']" url="https://oceanscape.org/organisation/cyan-planet/"
level=info contentType="script[type='application/ld+json']" url="https://oceanscape.org/organisation/integrated-marine-observing-system/"
level=info contentType="script[type='application/ld+json']" url="https://oceanscape.org/organisation/deep-ocean-stewardship-initiative/"
level=info contentType="script[type='application/ld+json']" url="https://oceanscape.org/organisation/the-james-michel-foundation/"
level=info contentType="script[type='application/ld+json']" url="https://oceanscape.org/organisation/us-integrated-ocean-observing-system/"
level=info contentType="script[type='application/ld+json']" url="https://oceanscape.org/organisation/ocean-tracking-network/"
level=info contentType="script[type='application/ld+json']" url="https://oceanscape.org/organisation/ocean-carbon-and-biogeochemistry-program/"
level=info contentType="script[type='application/ld+json']" url="https://oceanscape.org/organisation/center-scientific-research-and-higher-education-of-ensenada-baja-california/"
level=info contentType="script[type='application/ld+json']" url="https://oceanscape.org/organisation/sargasso-sea-commission/"
level=info contentType="script[type='application/ld+json']" url="https://oceanscape.org/organisation/geo-blue-planet/"
level=info contentType="script[type='application/ld+json']" url="https://oceanscape.org/organisation/environmental-systems-research-institute/"
level=info contentType="script[type='application/ld+json']" url="https://oceanscape.org/organisation/instituto-de-ciencias-del-mar-y-limnologia/"
level=info contentType="script[type='application/ld+json']" url="https://oceanscape.org/organisation/scientific-committee-on-oceanic-research/"
