level=error msg="error checking for valid json: Error in unmarshaling json: json: cannot unmarshal array into Go value of type map[string]interface {}" contentType="script[type='application/ld+json']" url="https://oceanscape.org/organisation/chlorophyll-globally-integrated-network/"
level=error contentType="Direct access failed, trying headless']" url="https://oceanscape.org/organisation/chlorophyll-globally-integrated-network/"
level=error msg="Not REPO FAULT. Devtools... Is Headless Container running?" url="https://oceanscape.org/organisation/chlorophyll-globally-integrated-network/"
level=error msg="devtool: CreateURL: Using unsafe HTTP verb GET to invoke /json/new. This action supports only PUT verb." issue="converting json ld" url="https://oceanscape.org/organisation/chlorophyll-globally-integrated-network/"
level=error msg="error checking for valid json: Error in unmarshaling json: json: cannot unmarshal array into Go value of type map[string]interface {}" contentType="script[type='application/ld+json']" url="https://oceanscape.org/organisation/global-alliance-of-continuous-plankton-recorder-surveys/"
level=error contentType="Direct access failed, trying headless']" url="https://oceanscape.org/organisation/global-alliance-of-continuous-plankton-recorder-surveys/"
level=error msg="Not REPO FAULT. Devtools... Is Headless Container running?" url="https://oceanscape.org/organisation/global-alliance-of-continuous-plankton-recorder-surveys/"
level=error msg="devtool: CreateURL: Using unsafe HTTP verb GET to invoke /json/new. This action supports only PUT verb." issue="converting json ld" url="https://oceanscape.org/organisation/global-alliance-of-continuous-plankton-recorder-surveys/"
level=error msg="error checking for valid json: Error in unmarshaling json: json: cannot unmarshal array into Go value of type map[string]interface {}" contentType="script[type='application/ld+json']" url="https://oceanscape.org/organisation/group-on-earth-observations/"
level=error contentType="Direct access failed, trying headless']" url="https://oceanscape.org/organisation/group-on-earth-observations/"
level=error msg="Not REPO FAULT. Devtools... Is Headless Container running?" url="https://oceanscape.org/organisation/group-on-earth-observations/"
level=error msg="devtool: CreateURL: Using unsafe HTTP verb GET to invoke /json/new. This action supports only PUT verb." issue="converting json ld" url="https://oceanscape.org/organisation/group-on-earth-observations/"
level=error msg="error checking for valid json: Error in unmarshaling json: json: cannot unmarshal array into Go value of type map[string]interface {}" contentType="script[type='application/ld+json']" url="https://oceanscape.org/organisation/committee-on-earth-observation-satellites/"
level=error contentType="Direct access failed, trying headless']" url="https://oceanscape.org/organisation/committee-on-earth-observation-satellites/"
level=error msg="Not REPO FAULT. Devtools... Is Headless Container running?" url="https://oceanscape.org/organisation/committee-on-earth-observation-satellites/"
level=error msg="devtool: CreateURL: Using unsafe HTTP verb GET to invoke /json/new. This action supports only PUT verb." issue="converting json ld" url="https://oceanscape.org/organisation/committee-on-earth-observation-satellites/"
level=error msg="error checking for valid json: Error in unmarshaling json: json: cannot unmarshal array into Go value of type map[string]interface {}" contentType="script[type='application/ld+json']" url="https://oceanscape.org/organisation/european-maritime-safety-agency/"
level=error contentType="Direct access failed, trying headless']" url="https://oceanscape.org/organisation/european-maritime-safety-agency/"
level=error msg="Not REPO FAULT. Devtools... Is Headless Container running?" url="https://oceanscape.org/organisation/european-maritime-safety-agency/"
level=error msg="devtool: CreateURL: Using unsafe HTTP verb GET to invoke /json/new. This action supports only PUT verb." issue="converting json ld" url="https://oceanscape.org/organisation/european-maritime-safety-agency/"
level=error msg="error checking for valid json: Error in unmarshaling json: json: cannot unmarshal array into Go value of type map[string]interface {}" contentType="script[type='application/ld+json']" url="https://oceanscape.org/organisation/international-oceanographic-data-and-information-exchange-of-ioc-unesco/"
level=error contentType="Direct access failed, trying headless']" url="https://oceanscape.org/organisation/international-oceanographic-data-and-information-exchange-of-ioc-unesco/"
level=error msg="Not REPO FAULT. Devtools... Is Headless Container running?" url="https://oceanscape.org/organisation/international-oceanographic-data-and-information-exchange-of-ioc-unesco/"
level=error msg="devtool: CreateURL: Using unsafe HTTP verb GET to invoke /json/new. This action supports only PUT verb." issue="converting json ld" url="https://oceanscape.org/organisation/international-oceanographic-data-and-information-exchange-of-ioc-unesco/"
level=error msg="error checking for valid json: Error in unmarshaling json: json: cannot unmarshal array into Go value of type map[string]interface {}" contentType="script[type='application/ld+json']" url="https://oceanscape.org/organisation/southern-ocean-observing-system/"
level=error contentType="Direct access failed, trying headless']" url="https://oceanscape.org/organisation/southern-ocean-observing-system/"
level=error msg="Not REPO FAULT. Devtools... Is Headless Container running?" url="https://oceanscape.org/organisation/southern-ocean-observing-system/"
level=error msg="devtool: CreateURL: Using unsafe HTTP verb GET to invoke /json/new. This action supports only PUT verb." issue="converting json ld" url="https://oceanscape.org/organisation/southern-ocean-observing-system/"
level=error msg="error checking for valid json: Error in unmarshaling json: json: cannot unmarshal array into Go value of type map[string]interface {}" contentType="script[type='application/ld+json']" url="https://oceanscape.org/organisation/cyan-planet/"
level=error contentType="Direct access failed, trying headless']" url="https://oceanscape.org/organisation/cyan-planet/"
level=error msg="Not REPO FAULT. Devtools... Is Headless Container running?" url="https://oceanscape.org/organisation/cyan-planet/"
level=error msg="devtool: CreateURL: Using unsafe HTTP verb GET to invoke /json/new. This action supports only PUT verb." issue="converting json ld" url="https://oceanscape.org/organisation/cyan-planet/"
level=error msg="error checking for valid json: Error in unmarshaling json: json: cannot unmarshal array into Go value of type map[string]interface {}" contentType="script[type='application/ld+json']" url="https://oceanscape.org/organisation/integrated-marine-observing-system/"
level=error contentType="Direct access failed, trying headless']" url="https://oceanscape.org/organisation/integrated-marine-observing-system/"
level=error msg="Not REPO FAULT. Devtools... Is Headless Container running?" url="https://oceanscape.org/organisation/integrated-marine-observing-system/"
level=error msg="devtool: CreateURL: Using unsafe HTTP verb GET to invoke /json/new. This action supports only PUT verb." issue="converting json ld" url="https://oceanscape.org/organisation/integrated-marine-observing-system/"
level=error msg="error checking for valid json: Error in unmarshaling json: json: cannot unmarshal array into Go value of type map[string]interface {}" contentType="script[type='application/ld+json']" url="https://oceanscape.org/organisation/deep-ocean-stewardship-initiative/"
level=error contentType="Direct access failed, trying headless']" url="https://oceanscape.org/organisation/deep-ocean-stewardship-initiative/"
level=error msg="Not REPO FAULT. Devtools... Is Headless Container running?" url="https://oceanscape.org/organisation/deep-ocean-stewardship-initiative/"
level=error msg="devtool: CreateURL: Using unsafe HTTP verb GET to invoke /json/new. This action supports only PUT verb." issue="converting json ld" url="https://oceanscape.org/organisation/deep-ocean-stewardship-initiative/"
level=error msg="error checking for valid json: Error in unmarshaling json: json: cannot unmarshal array into Go value of type map[string]interface {}" contentType="script[type='application/ld+json']" url="https://oceanscape.org/organisation/the-james-michel-foundation/"
level=error contentType="Direct access failed, trying headless']" url="https://oceanscape.org/organisation/the-james-michel-foundation/"
level=error msg="Not REPO FAULT. Devtools... Is Headless Container running?" url="https://oceanscape.org/organisation/the-james-michel-foundation/"
level=error msg="devtool: CreateURL: Using unsafe HTTP verb GET to invoke /json/new. This action supports only PUT verb." issue="converting json ld" url="https://oceanscape.org/organisation/the-james-michel-foundation/"
level=error msg="error checking for valid json: Error in unmarshaling json: json: cannot unmarshal array into Go value of type map[string]interface {}" contentType="script[type='application/ld+json']" url="https://oceanscape.org/organisation/us-integrated-ocean-observing-system/"
level=error contentType="Direct access failed, trying headless']" url="https://oceanscape.org/organisation/us-integrated-ocean-observing-system/"
level=error msg="Not REPO FAULT. Devtools... Is Headless Container running?" url="https://oceanscape.org/organisation/us-integrated-ocean-observing-system/"
level=error msg="devtool: CreateURL: Using unsafe HTTP verb GET to invoke /json/new. This action supports only PUT verb." issue="converting json ld" url="https://oceanscape.org/organisation/us-integrated-ocean-observing-system/"
level=error msg="error checking for valid json: Error in unmarshaling json: json: cannot unmarshal array into Go value of type map[string]interface {}" contentType="script[type='application/ld+json']" url="https://oceanscape.org/organisation/ocean-tracking-network/"
level=error contentType="Direct access failed, trying headless']" url="https://oceanscape.org/organisation/ocean-tracking-network/"
level=error msg="Not REPO FAULT. Devtools... Is Headless Container running?" url="https://oceanscape.org/organisation/ocean-tracking-network/"
level=error msg="devtool: CreateURL: Using unsafe HTTP verb GET to invoke /json/new. This action supports only PUT verb." issue="converting json ld" url="https://oceanscape.org/organisation/ocean-tracking-network/"
level=error msg="error checking for valid json: Error in unmarshaling json: json: cannot unmarshal array into Go value of type map[string]interface {}" contentType="script[type='application/ld+json']" url="https://oceanscape.org/organisation/ocean-carbon-and-biogeochemistry-program/"
level=error contentType="Direct access failed, trying headless']" url="https://oceanscape.org/organisation/ocean-carbon-and-biogeochemistry-program/"
level=error msg="Not REPO FAULT. Devtools... Is Headless Container running?" url="https://oceanscape.org/organisation/ocean-carbon-and-biogeochemistry-program/"
level=error msg="devtool: CreateURL: Using unsafe HTTP verb GET to invoke /json/new. This action supports only PUT verb." issue="converting json ld" url="https://oceanscape.org/organisation/ocean-carbon-and-biogeochemistry-program/"
level=error msg="error checking for valid json: Error in unmarshaling json: json: cannot unmarshal array into Go value of type map[string]interface {}" contentType="script[type='application/ld+json']" url="https://oceanscape.org/organisation/center-scientific-research-and-higher-education-of-ensenada-baja-california/"
level=error contentType="Direct access failed, trying headless']" url="https://oceanscape.org/organisation/center-scientific-research-and-higher-education-of-ensenada-baja-california/"
level=error msg="Not REPO FAULT. Devtools... Is Headless Container running?" url="https://oceanscape.org/organisation/center-scientific-research-and-higher-education-of-ensenada-baja-california/"
level=error msg="devtool: CreateURL: Using unsafe HTTP verb GET to invoke /json/new. This action supports only PUT verb." issue="converting json ld" url="https://oceanscape.org/organisation/center-scientific-research-and-higher-education-of-ensenada-baja-california/"
level=error msg="error checking for valid json: Error in unmarshaling json: json: cannot unmarshal array into Go value of type map[string]interface {}" contentType="script[type='application/ld+json']" url="https://oceanscape.org/organisation/sargasso-sea-commission/"
level=error contentType="Direct access failed, trying headless']" url="https://oceanscape.org/organisation/sargasso-sea-commission/"
level=error msg="Not REPO FAULT. Devtools... Is Headless Container running?" url="https://oceanscape.org/organisation/sargasso-sea-commission/"
level=error msg="devtool: CreateURL: Using unsafe HTTP verb GET to invoke /json/new. This action supports only PUT verb." issue="converting json ld" url="https://oceanscape.org/organisation/sargasso-sea-commission/"
level=error msg="error checking for valid json: Error in unmarshaling json: json: cannot unmarshal array into Go value of type map[string]interface {}" contentType="script[type='application/ld+json']" url="https://oceanscape.org/organisation/geo-blue-planet/"
level=error contentType="Direct access failed, trying headless']" url="https://oceanscape.org/organisation/geo-blue-planet/"
level=error msg="Not REPO FAULT. Devtools... Is Headless Container running?" url="https://oceanscape.org/organisation/geo-blue-planet/"
level=error msg="devtool: CreateURL: Using unsafe HTTP verb GET to invoke /json/new. This action supports only PUT verb." issue="converting json ld" url="https://oceanscape.org/organisation/geo-blue-planet/"
level=error msg="error checking for valid json: Error in unmarshaling json: json: cannot unmarshal array into Go value of type map[string]interface {}" contentType="script[type='application/ld+json']" url="https://oceanscape.org/organisation/environmental-systems-research-institute/"
level=error contentType="Direct access failed, trying headless']" url="https://oceanscape.org/organisation/environmental-systems-research-institute/"
level=error msg="Not REPO FAULT. Devtools... Is Headless Container running?" url="https://oceanscape.org/organisation/environmental-systems-research-institute/"
level=error msg="devtool: CreateURL: Using unsafe HTTP verb GET to invoke /json/new. This action supports only PUT verb." issue="converting json ld" url="https://oceanscape.org/organisation/environmental-systems-research-institute/"
level=error msg="error checking for valid json: Error in unmarshaling json: json: cannot unmarshal array into Go value of type map[string]interface {}" contentType="script[type='application/ld+json']" url="https://oceanscape.org/organisation/instituto-de-ciencias-del-mar-y-limnologia/"
level=error contentType="Direct access failed, trying headless']" url="https://oceanscape.org/organisation/instituto-de-ciencias-del-mar-y-limnologia/"
level=error msg="Not REPO FAULT. Devtools... Is Headless Container running?" url="https://oceanscape.org/organisation/instituto-de-ciencias-del-mar-y-limnologia/"
level=error msg="devtool: CreateURL: Using unsafe HTTP verb GET to invoke /json/new. This action supports only PUT verb." issue="converting json ld" url="https://oceanscape.org/organisation/instituto-de-ciencias-del-mar-y-limnologia/"
level=error msg="error checking for valid json: Error in unmarshaling json: json: cannot unmarshal array into Go value of type map[string]interface {}" contentType="script[type='application/ld+json']" url="https://oceanscape.org/organisation/scientific-committee-on-oceanic-research/"
level=error contentType="Direct access failed, trying headless']" url="https://oceanscape.org/organisation/scientific-committee-on-oceanic-research/"
level=error msg="Not REPO FAULT. Devtools... Is Headless Container running?" url="https://oceanscape.org/organisation/scientific-committee-on-oceanic-research/"
level=error msg="devtool: CreateURL: Using unsafe HTTP verb GET to invoke /json/new. This action supports only PUT verb." issue="converting json ld" url="https://oceanscape.org/organisation/scientific-committee-on-oceanic-research/"
