level=error msg="error checking for valid json: Error in unmarshaling json: invalid character 'G' after object key:value pair" contentType="json or ld_json" url="https://ioc-africa.org/dbs/jsonld/oceanProjects.php?id=94"
level=error contentType="Direct access failed, trying headless']" url="https://ioc-africa.org/dbs/jsonld/oceanProjects.php?id=94"
level=error msg="error checking for valid json: Error in unmarshaling json: invalid character 'J' after object key:value pair" contentType="json or ld_json" url="https://ioc-africa.org/dbs/jsonld/oceanProjects.php?id=127"
level=error contentType="Direct access failed, trying headless']" url="https://ioc-africa.org/dbs/jsonld/oceanProjects.php?id=127"
level=error msg="error checking for valid json: Error in unmarshaling json: invalid character 'C' after object key:value pair" contentType="json or ld_json" url="https://ioc-africa.org/dbs/jsonld/oceanProjects.php?id=98"
level=error contentType="Direct access failed, trying headless']" url="https://ioc-africa.org/dbs/jsonld/oceanProjects.php?id=98"
level=error msg="cdp.Runtime: Evaluate: rpc error: Execution context was destroyed. (code = -32000)" issue="Headless Evaluate" url="https://ioc-africa.org/dbs/jsonld/oceanProjects.php?id=94"
level=error msg="cdp.Runtime: Evaluate: rpc error: Execution context was destroyed. (code = -32000)" issue="converting json ld" url="https://ioc-africa.org/dbs/jsonld/oceanProjects.php?id=94"
level=error msg="error checking for valid json: Error in unmarshaling json: invalid character 'J' after object key:value pair" contentType="json or ld_json" url="https://ioc-africa.org/dbs/jsonld/oceanProjects.php?id=128"
level=error contentType="Direct access failed, trying headless']" url="https://ioc-africa.org/dbs/jsonld/oceanProjects.php?id=128"
level=error msg="cdp.Runtime: Evaluate: rpc error: Execution context was destroyed. (code = -32000)" issue="Headless Evaluate" url="https://ioc-africa.org/dbs/jsonld/oceanProjects.php?id=98"
level=error msg="cdp.Runtime: Evaluate: rpc error: Execution context was destroyed. (code = -32000)" issue="Headless Evaluate" url="https://ioc-africa.org/dbs/jsonld/oceanProjects.php?id=127"
level=error msg="cdp.Runtime: Evaluate: rpc error: Execution context was destroyed. (code = -32000)" issue="converting json ld" url="https://ioc-africa.org/dbs/jsonld/oceanProjects.php?id=98"
level=error msg="cdp.Runtime: Evaluate: rpc error: Execution context was destroyed. (code = -32000)" issue="converting json ld" url="https://ioc-africa.org/dbs/jsonld/oceanProjects.php?id=127"
level=error msg="error checking for valid json: Error in unmarshaling json: invalid character 'M' after object key:value pair" contentType="json or ld_json" url="https://ioc-africa.org/dbs/jsonld/previousExpeditions.php?id=168"
level=error contentType="Direct access failed, trying headless']" url="https://ioc-africa.org/dbs/jsonld/previousExpeditions.php?id=168"
level=error msg="cdp.Runtime: Evaluate: rpc error: Execution context was destroyed. (code = -32000)" issue="Headless Evaluate" url="https://ioc-africa.org/dbs/jsonld/oceanProjects.php?id=128"
level=error msg="cdp.Runtime: Evaluate: rpc error: Execution context was destroyed. (code = -32000)" issue="converting json ld" url="https://ioc-africa.org/dbs/jsonld/oceanProjects.php?id=128"
level=error msg="error checking for valid json: Error in unmarshaling json: invalid character 'C' after object key:value pair" contentType="json or ld_json" url="https://ioc-africa.org/dbs/jsonld/oceanProjects.php?id=129"
level=error contentType="Direct access failed, trying headless']" url="https://ioc-africa.org/dbs/jsonld/oceanProjects.php?id=129"
level=error msg="cdp.Runtime: Evaluate: rpc error: Execution context was destroyed. (code = -32000)" issue="Headless Evaluate" url="https://ioc-africa.org/dbs/jsonld/previousExpeditions.php?id=168"
level=error msg="cdp.Runtime: Evaluate: rpc error: Execution context was destroyed. (code = -32000)" issue="converting json ld" url="https://ioc-africa.org/dbs/jsonld/previousExpeditions.php?id=168"
level=error msg="error checking for valid json: Error in unmarshaling json: invalid character 'D' after object key:value pair" contentType="json or ld_json" url="https://ioc-africa.org/dbs/jsonld/oceanProjects.php?id=130"
level=error contentType="Direct access failed, trying headless']" url="https://ioc-africa.org/dbs/jsonld/oceanProjects.php?id=130"
level=error msg="cdp.Runtime: Evaluate: rpc error: Execution context was destroyed. (code = -32000)" issue="Headless Evaluate" url="https://ioc-africa.org/dbs/jsonld/oceanProjects.php?id=129"
level=error msg="cdp.Runtime: Evaluate: rpc error: Execution context was destroyed. (code = -32000)" issue="converting json ld" url="https://ioc-africa.org/dbs/jsonld/oceanProjects.php?id=129"
level=error msg="error checking for valid json: Error in unmarshaling json: invalid character 'D' after object key:value pair" contentType="json or ld_json" url="https://ioc-africa.org/dbs/jsonld/previousExpeditions.php?id=163"
level=error contentType="Direct access failed, trying headless']" url="https://ioc-africa.org/dbs/jsonld/previousExpeditions.php?id=163"
level=error msg="cdp.Runtime: Evaluate: rpc error: Execution context was destroyed. (code = -32000)" issue="Headless Evaluate" url="https://ioc-africa.org/dbs/jsonld/oceanProjects.php?id=130"
level=error msg="cdp.Runtime: Evaluate: rpc error: Execution context was destroyed. (code = -32000)" issue="converting json ld" url="https://ioc-africa.org/dbs/jsonld/oceanProjects.php?id=130"
level=error msg="error checking for valid json: Error in unmarshaling json: invalid character 'D' after object key:value pair" contentType="json or ld_json" url="https://ioc-africa.org/dbs/jsonld/previousExpeditions.php?id=174"
level=error contentType="Direct access failed, trying headless']" url="https://ioc-africa.org/dbs/jsonld/previousExpeditions.php?id=174"
level=error msg="error checking for valid json: Error in unmarshaling json: invalid character 'A' after object key:value pair" contentType="json or ld_json" url="https://ioc-africa.org/dbs/jsonld/oceanProjects.php?id=109"
level=error contentType="Direct access failed, trying headless']" url="https://ioc-africa.org/dbs/jsonld/oceanProjects.php?id=109"
level=error msg="cdp.Runtime: Evaluate: rpc error: Execution context was destroyed. (code = -32000)" issue="Headless Evaluate" url="https://ioc-africa.org/dbs/jsonld/previousExpeditions.php?id=163"
level=error msg="cdp.Runtime: Evaluate: rpc error: Execution context was destroyed. (code = -32000)" issue="converting json ld" url="https://ioc-africa.org/dbs/jsonld/previousExpeditions.php?id=163"
level=error msg="error checking for valid json: Error in unmarshaling json: invalid character 'M' after object key:value pair" contentType="json or ld_json" url="https://ioc-africa.org/dbs/jsonld/oceanProjects.php?id=148"
level=error contentType="Direct access failed, trying headless']" url="https://ioc-africa.org/dbs/jsonld/oceanProjects.php?id=148"
level=error msg="cdp.Runtime: Evaluate: rpc error: Execution context was destroyed. (code = -32000)" issue="Headless Evaluate" url="https://ioc-africa.org/dbs/jsonld/oceanProjects.php?id=109"
level=error msg="cdp.Runtime: Evaluate: rpc error: Execution context was destroyed. (code = -32000)" issue="converting json ld" url="https://ioc-africa.org/dbs/jsonld/oceanProjects.php?id=109"
level=error msg="cdp.Runtime: Evaluate: rpc error: Execution context was destroyed. (code = -32000)" issue="Headless Evaluate" url="https://ioc-africa.org/dbs/jsonld/previousExpeditions.php?id=174"
level=error msg="cdp.Runtime: Evaluate: rpc error: Execution context was destroyed. (code = -32000)" issue="converting json ld" url="https://ioc-africa.org/dbs/jsonld/previousExpeditions.php?id=174"
level=error msg="error checking for valid json: Error in unmarshaling json: invalid character 'B' after object key:value pair" contentType="json or ld_json" url="https://ioc-africa.org/dbs/jsonld/oceanProjects.php?id=149"
level=error contentType="Direct access failed, trying headless']" url="https://ioc-africa.org/dbs/jsonld/oceanProjects.php?id=149"
level=error msg="error checking for valid json: Error in unmarshaling json: invalid character 'D' after object key:value pair" contentType="json or ld_json" url="https://ioc-africa.org/dbs/jsonld/previousExpeditions.php?id=178"
level=error contentType="Direct access failed, trying headless']" url="https://ioc-africa.org/dbs/jsonld/previousExpeditions.php?id=178"
level=error msg="cdp.Runtime: Evaluate: rpc error: Execution context was destroyed. (code = -32000)" issue="Headless Evaluate" url="https://ioc-africa.org/dbs/jsonld/oceanProjects.php?id=148"
level=error msg="cdp.Runtime: Evaluate: rpc error: Execution context was destroyed. (code = -32000)" issue="converting json ld" url="https://ioc-africa.org/dbs/jsonld/oceanProjects.php?id=148"
level=error msg="error checking for valid json: Error in unmarshaling json: invalid character 'A' after object key:value pair" contentType="json or ld_json" url="https://ioc-africa.org/dbs/jsonld/oceanProjects.php?id=133"
level=error contentType="Direct access failed, trying headless']" url="https://ioc-africa.org/dbs/jsonld/oceanProjects.php?id=133"
level=error msg="cdp.Runtime: Evaluate: rpc error: Execution context was destroyed. (code = -32000)" issue="Headless Evaluate" url="https://ioc-africa.org/dbs/jsonld/previousExpeditions.php?id=178"
level=error msg="cdp.Runtime: Evaluate: rpc error: Execution context was destroyed. (code = -32000)" issue="converting json ld" url="https://ioc-africa.org/dbs/jsonld/previousExpeditions.php?id=178"
level=error msg="cdp.Runtime: Evaluate: rpc error: Execution context was destroyed. (code = -32000)" issue="Headless Evaluate" url="https://ioc-africa.org/dbs/jsonld/oceanProjects.php?id=149"
level=error msg="cdp.Runtime: Evaluate: rpc error: Execution context was destroyed. (code = -32000)" issue="converting json ld" url="https://ioc-africa.org/dbs/jsonld/oceanProjects.php?id=149"
level=error msg="error checking for valid json: Error in unmarshaling json: invalid character 'C' after object key:value pair" contentType="json or ld_json" url="https://ioc-africa.org/dbs/jsonld/oceanProjects.php?id=132"
level=error contentType="Direct access failed, trying headless']" url="https://ioc-africa.org/dbs/jsonld/oceanProjects.php?id=132"
level=error msg="error checking for valid json: Error in unmarshaling json: unexpected end of JSON input" contentType="json or ld_json" url="https://ioc-africa.org/dbs/jsonld/previousExpeditions.php?id=214"
level=error contentType="Direct access failed, trying headless']" url="https://ioc-africa.org/dbs/jsonld/previousExpeditions.php?id=214"
level=error msg="cdp.Runtime: Evaluate: rpc error: Execution context was destroyed. (code = -32000)" issue="Headless Evaluate" url="https://ioc-africa.org/dbs/jsonld/oceanProjects.php?id=133"
level=error msg="cdp.Runtime: Evaluate: rpc error: Execution context was destroyed. (code = -32000)" issue="converting json ld" url="https://ioc-africa.org/dbs/jsonld/oceanProjects.php?id=133"
level=error msg="error checking for valid json: Error in unmarshaling json: invalid character 'C' after object key:value pair" contentType="json or ld_json" url="https://ioc-africa.org/dbs/jsonld/oceanProjects.php?id=101"
level=error contentType="Direct access failed, trying headless']" url="https://ioc-africa.org/dbs/jsonld/oceanProjects.php?id=101"
level=error msg="cdp.Runtime: Evaluate: rpc error: Execution context was destroyed. (code = -32000)" issue="Headless Evaluate" url="https://ioc-africa.org/dbs/jsonld/previousExpeditions.php?id=214"
level=error msg="cdp.Runtime: Evaluate: rpc error: Execution context was destroyed. (code = -32000)" issue="converting json ld" url="https://ioc-africa.org/dbs/jsonld/previousExpeditions.php?id=214"
level=error msg="cdp.Runtime: Evaluate: rpc error: Execution context was destroyed. (code = -32000)" issue="Headless Evaluate" url="https://ioc-africa.org/dbs/jsonld/oceanProjects.php?id=132"
level=error msg="cdp.Runtime: Evaluate: rpc error: Execution context was destroyed. (code = -32000)" issue="converting json ld" url="https://ioc-africa.org/dbs/jsonld/oceanProjects.php?id=132"
level=error msg="error checking for valid json: Error in unmarshaling json: invalid character 'D' after object key:value pair" contentType="json or ld_json" url="https://ioc-africa.org/dbs/jsonld/previousExpeditions.php?id=185"
level=error contentType="Direct access failed, trying headless']" url="https://ioc-africa.org/dbs/jsonld/previousExpeditions.php?id=185"
level=error msg="cdp.Runtime: Evaluate: rpc error: Execution context was destroyed. (code = -32000)" issue="Headless Evaluate" url="https://ioc-africa.org/dbs/jsonld/oceanProjects.php?id=101"
level=error msg="cdp.Runtime: Evaluate: rpc error: Execution context was destroyed. (code = -32000)" issue="converting json ld" url="https://ioc-africa.org/dbs/jsonld/oceanProjects.php?id=101"
level=error msg="error checking for valid json: Error in unmarshaling json: invalid character 'C' after object key:value pair" contentType="json or ld_json" url="https://ioc-africa.org/dbs/jsonld/oceanProjects.php?id=120"
level=error contentType="Direct access failed, trying headless']" url="https://ioc-africa.org/dbs/jsonld/oceanProjects.php?id=120"
level=error msg="cdp.Runtime: Evaluate: rpc error: Execution context was destroyed. (code = -32000)" issue="Headless Evaluate" url="https://ioc-africa.org/dbs/jsonld/previousExpeditions.php?id=185"
level=error msg="cdp.Runtime: Evaluate: rpc error: Execution context was destroyed. (code = -32000)" issue="converting json ld" url="https://ioc-africa.org/dbs/jsonld/previousExpeditions.php?id=185"
level=error msg="error checking for valid json: Error in unmarshaling json: invalid character 'M' after object key:value pair" contentType="json or ld_json" url="https://ioc-africa.org/dbs/jsonld/oceanProjects.php?id=112"
level=error contentType="Direct access failed, trying headless']" url="https://ioc-africa.org/dbs/jsonld/oceanProjects.php?id=112"
level=error msg="cdp.Runtime: Evaluate: rpc error: Execution context was destroyed. (code = -32000)" issue="Headless Evaluate" url="https://ioc-africa.org/dbs/jsonld/oceanProjects.php?id=120"
level=error msg="cdp.Runtime: Evaluate: rpc error: Execution context was destroyed. (code = -32000)" issue="converting json ld" url="https://ioc-africa.org/dbs/jsonld/oceanProjects.php?id=120"
level=error contentType="Direct access failed, trying headless']" url="https://nodc.ioc-africa.org/gabon"
level=error msg="cdp.Runtime: Evaluate: rpc error: Execution context was destroyed. (code = -32000)" issue="Headless Evaluate" url="https://ioc-africa.org/dbs/jsonld/oceanProjects.php?id=112"
level=error msg="cdp.Runtime: Evaluate: rpc error: Execution context was destroyed. (code = -32000)" issue="converting json ld" url="https://ioc-africa.org/dbs/jsonld/oceanProjects.php?id=112"
level=error msg="error checking for valid json: Error in unmarshaling json: invalid character 'M' after object key:value pair" contentType="json or ld_json" url="https://ioc-africa.org/dbs/jsonld/oceanProjects.php?id=116"
level=error contentType="Direct access failed, trying headless']" url="https://ioc-africa.org/dbs/jsonld/oceanProjects.php?id=116"
level=error msg="cdp.Runtime: Evaluate: rpc error: Execution context was destroyed. (code = -32000)" issue="Headless Evaluate" url="https://nodc.ioc-africa.org/gabon"
level=error msg="cdp.Runtime: Evaluate: rpc error: Execution context was destroyed. (code = -32000)" issue="converting json ld" url="https://nodc.ioc-africa.org/gabon"
level=error contentType="Direct access failed, trying headless']" url="https://nodc.ioc-africa.org/sychelles"
level=error msg="cdp.Runtime: Evaluate: rpc error: Execution context was destroyed. (code = -32000)" issue="Headless Evaluate" url="https://ioc-africa.org/dbs/jsonld/oceanProjects.php?id=116"
level=error msg="cdp.Runtime: Evaluate: rpc error: Execution context was destroyed. (code = -32000)" issue="converting json ld" url="https://ioc-africa.org/dbs/jsonld/oceanProjects.php?id=116"
level=error msg="error checking for valid json: Error in unmarshaling json: invalid character 'D' after object key:value pair" contentType="json or ld_json" url="https://ioc-africa.org/dbs/jsonld/previousExpeditions.php?id=203"
level=error contentType="Direct access failed, trying headless']" url="https://ioc-africa.org/dbs/jsonld/previousExpeditions.php?id=203"
level=error msg="cdp.Runtime: Evaluate: rpc error: Execution context was destroyed. (code = -32000)" issue="Headless Evaluate" url="https://nodc.ioc-africa.org/sychelles"
level=error msg="cdp.Runtime: Evaluate: rpc error: Execution context was destroyed. (code = -32000)" issue="converting json ld" url="https://nodc.ioc-africa.org/sychelles"
level=error contentType="Direct access failed, trying headless']" url="https://nodc.ioc-africa.org/senegal"
level=error msg="cdp.Runtime: Evaluate: rpc error: Execution context was destroyed. (code = -32000)" issue="Headless Evaluate" url="https://ioc-africa.org/dbs/jsonld/previousExpeditions.php?id=203"
level=error msg="cdp.Runtime: Evaluate: rpc error: Execution context was destroyed. (code = -32000)" issue="converting json ld" url="https://ioc-africa.org/dbs/jsonld/previousExpeditions.php?id=203"
level=error msg="error checking for valid json: Error in unmarshaling json: invalid character ':' after object key:value pair" contentType="json or ld_json" url="https://ioc-africa.org/dbs/jsonld/researchVessels.php?id=68"
level=error contentType="Direct access failed, trying headless']" url="https://ioc-africa.org/dbs/jsonld/researchVessels.php?id=68"
level=error msg="cdp.Runtime: Evaluate: rpc error: Execution context was destroyed. (code = -32000)" issue="Headless Evaluate" url="https://nodc.ioc-africa.org/senegal"
level=error msg="cdp.Runtime: Evaluate: rpc error: Execution context was destroyed. (code = -32000)" issue="converting json ld" url="https://nodc.ioc-africa.org/senegal"
level=error msg="error checking for valid json: Error in unmarshaling json: invalid character ':' after object key:value pair" contentType="json or ld_json" url="https://ioc-africa.org/dbs/jsonld/researchVessels.php?id=66"
level=error contentType="Direct access failed, trying headless']" url="https://ioc-africa.org/dbs/jsonld/researchVessels.php?id=66"
level=error msg="cdp.Runtime: Evaluate: rpc error: Execution context was destroyed. (code = -32000)" issue="Headless Evaluate" url="https://ioc-africa.org/dbs/jsonld/researchVessels.php?id=68"
level=error msg="cdp.Runtime: Evaluate: rpc error: Execution context was destroyed. (code = -32000)" issue="converting json ld" url="https://ioc-africa.org/dbs/jsonld/researchVessels.php?id=68"
level=error msg="cdp.Runtime: Evaluate: context deadline exceeded" issue="Headless Evaluate" url="https://ioc-africa.org/dbs/jsonld/researchVessels.php?id=66"
level=error msg="cdp.Runtime: Evaluate: context deadline exceeded" issue="converting json ld" url="https://ioc-africa.org/dbs/jsonld/researchVessels.php?id=66"
