level=info msg="Queuing URLs for cioos"
level=info msg="URL Count 1778"
level=info contentType="script[type='application/ld+json']" url="https://catalogue.cioos.ca/dataset/ca-cioos_47518609-978e-49e9-b3ab-1b75200d41821"
level=info contentType="script[type='application/ld+json']" url="https://catalogue.cioos.ca/dataset/ca-cioos_49ff1f4a-929e-49ce-94e5-e55a925848f51"
level=info contentType="script[type='application/ld+json']" url="https://catalogue.cioos.ca/dataset/ca-cioos_416f5604-e36e-41af-aabc-f51651c402041"
level=info contentType="script[type='application/ld+json']" url="https://catalogue.cioos.ca/dataset/ca-cioos_46fab525-af7a-4164-9192-ae38132635851"
level=info contentType="script[type='application/ld+json']" url="https://catalogue.cioos.ca/dataset/ca-cioos_8c70e80e-68a1-4ac9-bba4-c950baea45161"
level=info contentType="script[type='application/ld+json']" url="https://catalogue.cioos.ca/dataset/ca-cioos_8914e8cf-1b3e-44ff-bf16-049df9ca96311"
level=info contentType="script[type='application/ld+json']" url="https://catalogue.cioos.ca/dataset/ca-cioos_6d5755ed-9ffc-4774-819f-b6d682a97ef91"
level=info contentType="script[type='application/ld+json']" url="https://catalogue.cioos.ca/dataset/ca-cioos_9744c15d-3731-4d45-83af-3cc7f7a57cde1"
level=info contentType="script[type='application/ld+json']" url="https://catalogue.cioos.ca/dataset/ca-cioos_bbf34546-7e29-483e-89f7-43b8d59dc7721"
level=info contentType="script[type='application/ld+json']" url="https://catalogue.cioos.ca/dataset/ca-cioos_c31eef20-f248-4f5f-a84a-9ef37001bda31"
level=info contentType="script[type='application/ld+json']" url="https://catalogue.cioos.ca/dataset/ca-cioos_66b4d93d-7094-4002-845e-b3ec08f3121c1"
level=info contentType="script[type='application/ld+json']" url="https://catalogue.cioos.ca/dataset/ca-cioos_0c8afd09-aa92-4a3f-a6bb-cdad578255f71"
level=info contentType="script[type='application/ld+json']" url="https://catalogue.cioos.ca/dataset/ca-cioos_89c1b0c1-b358-4c0f-9fa9-467566c2ae691"
level=info contentType="script[type='application/ld+json']" url="https://catalogue.cioos.ca/dataset/ca-cioos_37d22da1-c557-44bc-99c2-a01e9f3b5a661"
level=info contentType="script[type='application/ld+json']" url="https://catalogue.cioos.ca/dataset/ca-cioos_65eefeae-79e3-4b25-a1a2-5678736073981"
level=info contentType="script[type='application/ld+json']" url="https://catalogue.cioos.ca/dataset/ca-cioos_d70af273-9ce1-4083-add7-f9fc17c196d31"
level=info contentType="script[type='application/ld+json']" url="https://catalogue.cioos.ca/dataset/ca-cioos_0f69cd83-2dd2-4e10-88c3-eee6975238f21"
level=info contentType="script[type='application/ld+json']" url="https://catalogue.cioos.ca/dataset/ca-cioos_91028de0-c0a7-4843-8a4e-f9e469dac88f1"
level=info contentType="script[type='application/ld+json']" url="https://catalogue.cioos.ca/dataset/ca-cioos_f9182967-e56c-4872-bd7b-56b0e4e3fc091"
level=info contentType="script[type='application/ld+json']" url="https://catalogue.cioos.ca/dataset/ca-cioos_c7d6cd75-e392-4ef6-af63-da745888c3451"
level=info contentType="script[type='application/ld+json']" url="https://catalogue.cioos.ca/dataset/ca-cioos_4454824b-75d6-481a-90f3-0d3196f87f191"
level=info contentType="script[type='application/ld+json']" url="https://catalogue.cioos.ca/dataset/ca-cioos_62dc9c32-db61-40de-b5bb-8daf0307b1c51"
level=info contentType="script[type='application/ld+json']" url="https://catalogue.cioos.ca/dataset/ca-cioos_c31e3f07-2ea0-47fe-86a5-b7993f6dc7a11"
level=info contentType="script[type='application/ld+json']" url="https://catalogue.cioos.ca/dataset/ca-cioos_21f6bc31-d55d-4cd4-a16f-6db280c1f6291"
level=info contentType="script[type='application/ld+json']" url="https://catalogue.cioos.ca/dataset/ca-cioos_388df44d-ccee-4209-afba-e62fa5be3a681"
level=info contentType="script[type='application/ld+json']" url="https://catalogue.cioos.ca/dataset/ca-cioos_bd4c4a33-40fd-40bb-97b8-689de1b450fb1"
level=info contentType="script[type='application/ld+json']" url="https://catalogue.cioos.ca/dataset/ca-cioos_bf5f1910-0305-4140-8778-eb30140143241"
level=info contentType="script[type='application/ld+json']" url="https://catalogue.cioos.ca/dataset/ca-cioos_2f9c1e93-0e66-45aa-8178-2299e32e837a1"
level=info contentType="script[type='application/ld+json']" url="https://catalogue.cioos.ca/dataset/ca-cioos_daa3f67f-f758-42b0-84aa-3a8821e916b11"
level=info contentType="script[type='application/ld+json']" url="https://catalogue.cioos.ca/dataset/ca-cioos_74d119f1-cd7b-4f99-a94b-5d3b3ca3b7d51"
level=info contentType="script[type='application/ld+json']" url="https://catalogue.cioos.ca/dataset/ca-cioos_02784c0c-72f7-4887-b1d0-d1fb6dacbcb41"
level=info contentType="script[type='application/ld+json']" url="https://catalogue.cioos.ca/dataset/ca-cioos_ee67bd67-3f4e-48a5-9a76-8a70e13fbae81"
level=info contentType="script[type='application/ld+json']" url="https://catalogue.cioos.ca/dataset/ca-cioos_ca14bc7a-7f93-4e97-b52b-cf983a9464d11"
level=info contentType="script[type='application/ld+json']" url="https://catalogue.cioos.ca/dataset/ca-cioos_7db9e8a5-d214-473f-9e1d-58267b090e8e1"
