level=info msg="Queuing URLs for cioos"
level=info msg="URL Count 1778"
level=info contentType="script[type='application/ld+json']" url="https://catalogue.cioos.ca/dataset/ca-cioos_c31eef20-f248-4f5f-a84a-9ef37001bda31"
level=info contentType="script[type='application/ld+json']" url="https://catalogue.cioos.ca/dataset/ca-cioos_416f5604-e36e-41af-aabc-f51651c402041"
level=info contentType="script[type='application/ld+json']" url="https://catalogue.cioos.ca/dataset/ca-cioos_1da5705c-d2bc-480f-bba8-baa0defb2a511"
level=info contentType="script[type='application/ld+json']" url="https://catalogue.cioos.ca/dataset/ca-cioos_7dbb9279-141b-4178-9191-172d79fb80cb1"
level=info contentType="script[type='application/ld+json']" url="https://catalogue.cioos.ca/dataset/ca-cioos_d4b1fb12-9812-42c0-9d96-cbb22700d4f21"
level=info contentType="script[type='application/ld+json']" url="https://catalogue.cioos.ca/dataset/ca-cioos_719af869-9068-40cc-be7d-7a1180db49261"
level=info contentType="script[type='application/ld+json']" url="https://catalogue.cioos.ca/dataset/ca-cioos_21f6bc31-d55d-4cd4-a16f-6db280c1f6291"
level=info contentType="script[type='application/ld+json']" url="https://catalogue.cioos.ca/dataset/ca-cioos_2edf6555-629d-4e35-84bb-bd91770023a11"
level=info contentType="script[type='application/ld+json']" url="https://catalogue.cioos.ca/dataset/ca-cioos_89aa45fc-7b42-426e-9293-e5703534bc4f1"
level=info contentType="script[type='application/ld+json']" url="https://catalogue.cioos.ca/dataset/ca-cioos_47518609-978e-49e9-b3ab-1b75200d41821"
level=info contentType="script[type='application/ld+json']" url="https://catalogue.cioos.ca/dataset/ca-cioos_2e301ee1-6724-4978-82a9-ad52fc26045a1"
level=info contentType="script[type='application/ld+json']" url="https://catalogue.cioos.ca/dataset/ca-cioos_67f6dc6c-c141-497f-b2cb-f38d27159be51"
level=info contentType="script[type='application/ld+json']" url="https://catalogue.cioos.ca/dataset/ca-cioos_094bee30-02cf-48bc-b940-b56c6233fd9a1"
level=info contentType="script[type='application/ld+json']" url="https://catalogue.cioos.ca/dataset/ca-cioos_05858cc1-c5fe-4275-9457-90344eee79201"
level=info contentType="script[type='application/ld+json']" url="https://catalogue.cioos.ca/dataset/ca-cioos_ab79f57d-186a-48b4-9e6b-96385e8f83af1"
level=info contentType="script[type='application/ld+json']" url="https://catalogue.cioos.ca/dataset/ca-cioos_daa3f67f-f758-42b0-84aa-3a8821e916b11"
level=info contentType="script[type='application/ld+json']" url="https://catalogue.cioos.ca/dataset/ca-cioos_37d22da1-c557-44bc-99c2-a01e9f3b5a661"
level=info contentType="script[type='application/ld+json']" url="https://catalogue.cioos.ca/dataset/ca-cioos_5572885f-cde9-4128-b9bb-2444df6520b31"
level=info contentType="script[type='application/ld+json']" url="https://catalogue.cioos.ca/dataset/ca-cioos_377873af-56d8-4ea8-828a-c193507583501"
level=info contentType="script[type='application/ld+json']" url="https://catalogue.cioos.ca/dataset/ca-cioos_f9182967-e56c-4872-bd7b-56b0e4e3fc091"
level=info contentType="script[type='application/ld+json']" url="https://catalogue.cioos.ca/dataset/ca-cioos_98bf4327-ee51-4f08-8250-19666843796e1"
level=info contentType="script[type='application/ld+json']" url="https://catalogue.cioos.ca/dataset/ca-cioos_5e8ae69e-16d5-46f8-986f-14694b26a0011"
level=info contentType="script[type='application/ld+json']" url="https://catalogue.cioos.ca/dataset/ca-cioos_bd4c4a33-40fd-40bb-97b8-689de1b450fb1"
level=info contentType="script[type='application/ld+json']" url="https://catalogue.cioos.ca/dataset/ca-cioos_edec5074-0644-49d7-86ff-03098113d6bf1"
level=info contentType="script[type='application/ld+json']" url="https://catalogue.cioos.ca/dataset/ca-cioos_79f3fcf8-3283-4a80-957d-d73fbdb8e15f1"
level=info contentType="script[type='application/ld+json']" url="https://catalogue.cioos.ca/dataset/ca-cioos_89c1b0c1-b358-4c0f-9fa9-467566c2ae691"
level=info contentType="script[type='application/ld+json']" url="https://catalogue.cioos.ca/dataset/ca-cioos_61d4f690-0b52-4df2-aea6-31f06ed2ec1c1"
level=info contentType="script[type='application/ld+json']" url="https://catalogue.cioos.ca/dataset/ca-cioos_8914e8cf-1b3e-44ff-bf16-049df9ca96311"
level=info contentType="script[type='application/ld+json']" url="https://catalogue.cioos.ca/dataset/ca-cioos_7935fac6-b23d-4d52-9eba-0e58f8d3bcb81"
level=info contentType="script[type='application/ld+json']" url="https://catalogue.cioos.ca/dataset/ca-cioos_bbf34546-7e29-483e-89f7-43b8d59dc7721"
level=info contentType="script[type='application/ld+json']" url="https://catalogue.cioos.ca/dataset/ca-cioos_ab641164-25f5-40b5-b18c-4ec73798f8ca1"
level=info contentType="script[type='application/ld+json']" url="https://catalogue.cioos.ca/dataset/ca-cioos_62dc9c32-db61-40de-b5bb-8daf0307b1c51"
level=info contentType="script[type='application/ld+json']" url="https://catalogue.cioos.ca/dataset/ca-cioos_65eefeae-79e3-4b25-a1a2-5678736073981"
level=info contentType="script[type='application/ld+json']" url="https://catalogue.cioos.ca/dataset/ca-cioos_bdac2f9f-ba6a-4883-b91f-454358c72f0e1"
level=info contentType="script[type='application/ld+json']" url="https://catalogue.cioos.ca/dataset/ca-cioos_0c8afd09-aa92-4a3f-a6bb-cdad578255f71"
level=info contentType="script[type='application/ld+json']" url="https://catalogue.cioos.ca/dataset/ca-cioos_5331feb9-8826-4323-a79b-4b05e8535b681"
level=info contentType="script[type='application/ld+json']" url="https://catalogue.cioos.ca/dataset/ca-cioos_9744c15d-3731-4d45-83af-3cc7f7a57cde1"
level=info contentType="script[type='application/ld+json']" url="https://catalogue.cioos.ca/dataset/ca-cioos_46fab525-af7a-4164-9192-ae38132635851"
level=info contentType="script[type='application/ld+json']" url="https://catalogue.cioos.ca/dataset/ca-cioos_811845a7-0959-40ba-9803-404976d91e7d1"
level=info contentType="script[type='application/ld+json']" url="https://catalogue.cioos.ca/dataset/ca-cioos_e557790a-7e8a-44db-b9b1-794dfa4b6df71"
level=info contentType="script[type='application/ld+json']" url="https://catalogue.cioos.ca/dataset/ca-cioos_2363258b-0853-4e0e-b5aa-b89ca78633d71"
level=info contentType="script[type='application/ld+json']" url="https://catalogue.cioos.ca/dataset/ca-cioos_c7d6cd75-e392-4ef6-af63-da745888c3451"
level=info contentType="script[type='application/ld+json']" url="https://catalogue.cioos.ca/dataset/ca-cioos_4454824b-75d6-481a-90f3-0d3196f87f191"
level=info contentType="script[type='application/ld+json']" url="https://catalogue.cioos.ca/dataset/ca-cioos_d7882563-b9c3-4a10-8723-3aa2f556a4781"
level=info contentType="script[type='application/ld+json']" url="https://catalogue.cioos.ca/dataset/ca-cioos_f560848e-7d61-4aae-aaf0-1c4e48cb73451"
level=info contentType="script[type='application/ld+json']" url="https://catalogue.cioos.ca/dataset/ca-cioos_91028de0-c0a7-4843-8a4e-f9e469dac88f1"
level=info contentType="script[type='application/ld+json']" url="https://catalogue.cioos.ca/dataset/ca-cioos_bf5f1910-0305-4140-8778-eb30140143241"
level=info contentType="script[type='application/ld+json']" url="https://catalogue.cioos.ca/dataset/ca-cioos_0f69cd83-2dd2-4e10-88c3-eee6975238f21"
level=info contentType="script[type='application/ld+json']" url="https://catalogue.cioos.ca/dataset/ca-cioos_8fdd7a05-4c65-489a-9054-a768a9b517661"
level=info contentType="script[type='application/ld+json']" url="https://catalogue.cioos.ca/dataset/ca-cioos_388df44d-ccee-4209-afba-e62fa5be3a681"
level=info contentType="script[type='application/ld+json']" url="https://catalogue.cioos.ca/dataset/8c4434c0-6d11-495f-b547-0ddd2270cb091"
level=info contentType="script[type='application/ld+json']" url="https://catalogue.cioos.ca/dataset/96825fe8-51f7-4d51-8662-aaef17aaee3e1"
level=info contentType="script[type='application/ld+json']" url="https://catalogue.cioos.ca/dataset/ca-cioos_ee67bd67-3f4e-48a5-9a76-8a70e13fbae81"
level=info contentType="script[type='application/ld+json']" url="https://catalogue.cioos.ca/dataset/ca-cioos_74d119f1-cd7b-4f99-a94b-5d3b3ca3b7d51"
level=info contentType="script[type='application/ld+json']" url="https://catalogue.cioos.ca/dataset/ca-cioos_618c68dd-73a6-481b-9e01-2264b97ffcc41"
level=info contentType="script[type='application/ld+json']" url="https://catalogue.cioos.ca/dataset/ca-cioos_68b4c7e7-1a33-44a0-b565-3ebf13021a2a1"
level=info contentType="script[type='application/ld+json']" url="https://catalogue.cioos.ca/dataset/ca-cioos_5f63d059-25a1-4d6c-b9a6-bb707c8e59121"
level=info contentType="script[type='application/ld+json']" url="https://catalogue.cioos.ca/dataset/ca-cioos_5db6f443-231c-4d6b-b27a-3afa88991bab1"
level=info contentType="script[type='application/ld+json']" url="https://catalogue.cioos.ca/dataset/ca-cioos_b5dc5684-eb31-46eb-8c82-50f55c577e75"
level=info contentType="script[type='application/ld+json']" url="https://catalogue.cioos.ca/dataset/ca-cioos_ca14bc7a-7f93-4e97-b52b-cf983a9464d11"
level=info contentType="script[type='application/ld+json']" url="https://catalogue.cioos.ca/dataset/ca-cioos_790635d2-78b0-4d2e-9766-94c94c7739af1"
level=info contentType="script[type='application/ld+json']" url="https://catalogue.cioos.ca/dataset/ca-cioos_d70af273-9ce1-4083-add7-f9fc17c196d31"
level=info contentType="script[type='application/ld+json']" url="https://catalogue.cioos.ca/dataset/2ed26c3c-d328-453d-86cb-eef7ab3f9c581"
level=info contentType="script[type='application/ld+json']" url="https://catalogue.cioos.ca/dataset/ca-cioos_b0e3ac65-e7c2-4ba2-b986-b5e64eeb5f3b1"
level=info contentType="script[type='application/ld+json']" url="https://catalogue.cioos.ca/dataset/ca-cioos_404d8125-37cd-4190-9c7d-c5647faee5531"
level=info contentType="script[type='application/ld+json']" url="https://catalogue.cioos.ca/dataset/ca-cioos_02784c0c-72f7-4887-b1d0-d1fb6dacbcb41"
level=info contentType="script[type='application/ld+json']" url="https://catalogue.cioos.ca/dataset/ca-cioos_c31e3f07-2ea0-47fe-86a5-b7993f6dc7a11"
level=info contentType="script[type='application/ld+json']" url="https://catalogue.cioos.ca/dataset/ca-cioos_2f9c1e93-0e66-45aa-8178-2299e32e837a1"
level=info contentType="script[type='application/ld+json']" url="https://catalogue.cioos.ca/dataset/ca-cioos_50f11bf2-c710-446c-8230-9ebbf6dcb2a31"
level=info contentType="script[type='application/ld+json']" url="https://catalogue.cioos.ca/dataset/ca-cioos_42d5d765-27be-4c18-85c4-e4326b325b521"
level=info contentType="script[type='application/ld+json']" url="https://catalogue.cioos.ca/dataset/ca-cioos_9a4bd73f-12a2-40ff-a7c7-b961a1d113111"
level=info contentType="script[type='application/ld+json']" url="https://catalogue.cioos.ca/dataset/ca-cioos_41f49dfa-8433-4f65-87f1-df3f021850c91"
level=info contentType="script[type='application/ld+json']" url="https://catalogue.cioos.ca/dataset/ca-cioos_b294672e-b03c-4aa9-b4c4-e567ae0a95711"
level=info contentType="script[type='application/ld+json']" url="https://catalogue.cioos.ca/dataset/ca-cioos_dff6e176-b7b7-3e78-bcf4-c93f4bc092611"
level=info contentType="script[type='application/ld+json']" url="https://catalogue.cioos.ca/dataset/ca-cioos_8c70e80e-68a1-4ac9-bba4-c950baea45161"
level=info contentType="script[type='application/ld+json']" url="https://catalogue.cioos.ca/dataset/ca-cioos_76b9f58f-70f3-46b5-8f13-ca47966625271"
level=info contentType="script[type='application/ld+json']" url="https://catalogue.cioos.ca/dataset/ca-cioos_e22794a2-2c12-4a04-bffd-afdfeda14c10"
level=info contentType="script[type='application/ld+json']" url="https://catalogue.cioos.ca/dataset/e8d8f005-724e-4f22-8696-f01d66bb070c1"
level=info contentType="script[type='application/ld+json']" url="https://catalogue.cioos.ca/dataset/ca-cioos_49ff1f4a-929e-49ce-94e5-e55a925848f51"
level=info contentType="script[type='application/ld+json']" url="https://catalogue.cioos.ca/dataset/org-coastalaction_ec2b8fbb-5482-46e2-af71-9e85d58b89221"
level=info contentType="script[type='application/ld+json']" url="https://catalogue.cioos.ca/dataset/ca-cioos_439a887e-81bd-423e-9f0d-bf0f259364be1"
level=info contentType="script[type='application/ld+json']" url="https://catalogue.cioos.ca/dataset/ca-cioos_f8a10243-7633-4c15-906d-a1693cd1c3451"
level=info contentType="script[type='application/ld+json']" url="https://catalogue.cioos.ca/dataset/ca-cioos_fe9dd7f6-6436-4760-aa96-d7bc8d2a368e"
level=info contentType="script[type='application/ld+json']" url="https://catalogue.cioos.ca/dataset/ca-cioos_7db9e8a5-d214-473f-9e1d-58267b090e8e1"
level=info contentType="script[type='application/ld+json']" url="https://catalogue.cioos.ca/dataset/92fdac9b-91b7-48f0-8afd-5d9d1b24db901"
level=info contentType="script[type='application/ld+json']" url="https://catalogue.cioos.ca/dataset/ca-cioos_58418aab-008a-4ed9-be71-2f7679b6cbf71"
level=info contentType="script[type='application/ld+json']" url="https://catalogue.cioos.ca/dataset/ca-cioos_f7eaeb68-00f1-3414-a5a8-35d236fec0f41"
level=info contentType="script[type='application/ld+json']" url="https://catalogue.cioos.ca/dataset/ca-cioos_c855db0d-6fa8-4d68-81d2-852ea82ad9081"
level=info contentType="script[type='application/ld+json']" url="https://catalogue.cioos.ca/dataset/ca-cioos_e40270e1-caf0-4912-a1eb-41b15cdf18541"
level=info contentType="script[type='application/ld+json']" url="https://catalogue.cioos.ca/dataset/ca-cioos_7f468362-e624-485a-9e20-ea779dbe175e1"
level=info contentType="script[type='application/ld+json']" url="https://catalogue.cioos.ca/dataset/ca-cioos_6d5755ed-9ffc-4774-819f-b6d682a97ef91"
level=info contentType="script[type='application/ld+json']" url="https://catalogue.cioos.ca/dataset/ca-cioos_d5faadca-f0b6-46f2-9277-d1e76a8e313c1"
level=info contentType="script[type='application/ld+json']" url="https://catalogue.cioos.ca/dataset/ca-cioos_9bcf7978-77eb-47da-9f3b-2d2eaa7df5891"
level=info contentType="script[type='application/ld+json']" url="https://catalogue.cioos.ca/dataset/ca-cioos_654a4ece-7271-4f5a-ba60-b50a62dbd0511"
level=info contentType="script[type='application/ld+json']" url="https://catalogue.cioos.ca/dataset/ca-cioos_6c7eec28-3fa2-4f14-9530-e5e1d5843bb31"
level=info contentType="script[type='application/ld+json']" url="https://catalogue.cioos.ca/dataset/ca-cioos_b9c71eb2-b750-43d5-a50a-aee1739167361"
level=info contentType="script[type='application/ld+json']" url="https://catalogue.cioos.ca/dataset/4bf9f57d-f7c1-4522-b7ec-82deafb0bb311"
level=info contentType="script[type='application/ld+json']" url="https://catalogue.cioos.ca/dataset/ca-cioos_4478e07f-b898-3dfb-bd51-555a8076f50a1"
level=info contentType="script[type='application/ld+json']" url="https://catalogue.cioos.ca/dataset/ca-cioos_f643597e-e8fe-4402-8dc5-f164a271c85a1"
level=info contentType="script[type='application/ld+json']" url="https://catalogue.cioos.ca/dataset/65931687-684a-41b5-9aa5-086a9e72b5c51"
level=info contentType="script[type='application/ld+json']" url="https://catalogue.cioos.ca/dataset/ca-cioos_f8828d73-4e12-4a4e-9d01-ed487f4add941"
level=info contentType="script[type='application/ld+json']" url="https://catalogue.cioos.ca/dataset/d0476230-124e-4a03-b164-3b1be73af1aa1"
level=info contentType="script[type='application/ld+json']" url="https://catalogue.cioos.ca/dataset/ca-cioos_382a8a4b-9b9f-41b7-a394-917353e0810e1"
level=info contentType="script[type='application/ld+json']" url="https://catalogue.cioos.ca/dataset/354ef3d6-4d39-48e4-8adc-518fbb4257521"
level=info contentType="script[type='application/ld+json']" url="https://catalogue.cioos.ca/dataset/ca-cioos_4b4a673d-d295-4f9e-83c2-b002e894d0701"
level=info contentType="script[type='application/ld+json']" url="https://catalogue.cioos.ca/dataset/ca-cioos_da35094d-0de5-4982-a604-d158cdcbe9ad1"
level=info contentType="script[type='application/ld+json']" url="https://catalogue.cioos.ca/dataset/20413e84-479c-4fdf-9a97-1127ecf9a2c7"
level=info contentType="script[type='application/ld+json']" url="https://catalogue.cioos.ca/dataset/fb1009b1-2254-450c-aaf3-99420f7dc10c1"
level=info contentType="script[type='application/ld+json']" url="https://catalogue.cioos.ca/dataset/a769feb1-54c5-4017-b4b3-de27ebd0c79b"
level=info contentType="script[type='application/ld+json']" url="https://catalogue.cioos.ca/dataset/ca-cioos_66b4d93d-7094-4002-845e-b3ec08f3121c1"
level=info contentType="script[type='application/ld+json']" url="https://catalogue.cioos.ca/dataset/ca-cioos_a36e40f1-5f5b-4602-b18a-5c4f4b3f2a431"
level=info contentType="script[type='application/ld+json']" url="https://catalogue.cioos.ca/dataset/90363488-2b5f-4251-828d-da0721eec8eb1"
level=info contentType="script[type='application/ld+json']" url="https://catalogue.cioos.ca/dataset/ca-cioos_a8fd5ba4-5407-4d03-914f-27eb7f3f81211"
level=info contentType="script[type='application/ld+json']" url="https://catalogue.cioos.ca/dataset/ca-cioos_b8482740-31d9-4dd4-87bc-cee1780dffbb1"
level=info contentType="script[type='application/ld+json']" url="https://catalogue.cioos.ca/dataset/5d70d09e-c685-4bfa-bad0-9a193c1bd3f9"
level=info contentType="script[type='application/ld+json']" url="https://catalogue.cioos.ca/dataset/ca-cioos_0270f89c-1b0a-43ea-b687-829a011c089e1"
level=info contentType="script[type='application/ld+json']" url="https://catalogue.cioos.ca/dataset/38882a03-33a7-45b9-b2bd-916268f1e0731"
level=info contentType="script[type='application/ld+json']" url="https://catalogue.cioos.ca/dataset/1534e6ca-e607-4bcd-8b97-fcf02816f5a31"
level=info contentType="script[type='application/ld+json']" url="https://catalogue.cioos.ca/dataset/10be6eff-1460-4286-b8af-ceccdc05d55c1"
level=info contentType="script[type='application/ld+json']" url="https://catalogue.cioos.ca/dataset/273bbdf4-1e1d-4149-8b9e-5b125bb229871"
level=info contentType="script[type='application/ld+json']" url="https://catalogue.cioos.ca/dataset/ca-cioos_f12b30fd-0010-3002-9a6b-803aa99256871"
level=info contentType="script[type='application/ld+json']" url="https://catalogue.cioos.ca/dataset/ca-cioos_07d9b310-6511-11ed-9022-0242ac1200021"
level=info contentType="script[type='application/ld+json']" url="https://catalogue.cioos.ca/dataset/276dd32e-24c9-4745-9c3a-8c3df55e5fd7"
level=info contentType="script[type='application/ld+json']" url="https://catalogue.cioos.ca/dataset/ca-cioos_f3e3e156-2a39-4f77-8d3c-9031b79168e71"
level=info contentType="script[type='application/ld+json']" url="https://catalogue.cioos.ca/dataset/ca556012-8396-429a-a2f2-e524bf61395c"
level=info contentType="script[type='application/ld+json']" url="https://catalogue.cioos.ca/dataset/f6ef82c3-49dc-4717-81c2-2fd8d77de16a"
level=info contentType="script[type='application/ld+json']" url="https://catalogue.cioos.ca/dataset/147423a6-b150-4cf5-9338-d9cbfb7452db1"
level=info contentType="script[type='application/ld+json']" url="https://catalogue.cioos.ca/dataset/e155a31a-d248-400f-af44-8351bba3b6ae1"
level=info contentType="script[type='application/ld+json']" url="https://catalogue.cioos.ca/dataset/ca-cioos_57d45e01-c759-45bb-a6a2-5843128387341"
level=info contentType="script[type='application/ld+json']" url="https://catalogue.cioos.ca/dataset/ca-cioos_82656721-88e6-4543-90f1-edc35c0f42c91"
level=info contentType="script[type='application/ld+json']" url="https://catalogue.cioos.ca/dataset/ca-cioos_b950e7b9-9696-4e3a-902e-947336b77681"
level=info contentType="script[type='application/ld+json']" url="https://catalogue.cioos.ca/dataset/548aadd9-ec53-46c3-8568-0bc1964fddb4"
level=info contentType="script[type='application/ld+json']" url="https://catalogue.cioos.ca/dataset/3d790799-6d03-4728-8650-4d89c541620d"
level=info contentType="script[type='application/ld+json']" url="https://catalogue.cioos.ca/dataset/ca-cioos_ae6d17ac-c26c-4b96-8c3c-b795545ebc671"
level=info contentType="script[type='application/ld+json']" url="https://catalogue.cioos.ca/dataset/68513d2e-9667-4a9c-ad90-caddcb5386b7"
level=info contentType="script[type='application/ld+json']" url="https://catalogue.cioos.ca/dataset/e373c100-1684-4a6d-894c-da6585e5dbf81"
level=info contentType="script[type='application/ld+json']" url="https://catalogue.cioos.ca/dataset/8fca8466-eb5b-4d76-b7b8-2dc19f062e871"
level=info contentType="script[type='application/ld+json']" url="https://catalogue.cioos.ca/dataset/ca-cioos_c0e030c1-d846-3f24-a880-18c4d03f94d31"
level=info contentType="script[type='application/ld+json']" url="https://catalogue.cioos.ca/dataset/5f9b4f41-c4f5-4466-9921-ce17d2f68376"
level=info contentType="script[type='application/ld+json']" url="https://catalogue.cioos.ca/dataset/ca-cioos_c9cf760c-4f85-4e2b-9f4b-d502bee54d5a1"
level=info contentType="script[type='application/ld+json']" url="https://catalogue.cioos.ca/dataset/69423be3-f4e7-46d1-9bf3-b3135b88ef7c1"
level=info contentType="script[type='application/ld+json']" url="https://catalogue.cioos.ca/dataset/ecad2f79-6a44-4a59-889f-0fb4fb78dae91"
level=info contentType="script[type='application/ld+json']" url="https://catalogue.cioos.ca/dataset/ca-cioos_db15458d-df2c-4efb-b5a0-791e7561a0cb1"
level=info contentType="script[type='application/ld+json']" url="https://catalogue.cioos.ca/dataset/ca-cioos_355a2dc7-7d4b-4836-974e-93b0e39e0bc01"
level=info contentType="script[type='application/ld+json']" url="https://catalogue.cioos.ca/dataset/dc4e98e8-2010-4e7a-a69a-a5b9b3fe06a11"
level=info contentType="script[type='application/ld+json']" url="https://catalogue.cioos.ca/dataset/ca-cioos_0ae8fbae-caae-4c9a-8c51-6d04c8141e201"
level=info contentType="script[type='application/ld+json']" url="https://catalogue.cioos.ca/dataset/ca-cioos_e7cd77c7-0ea2-4059-b233-c8f9a5656e951"
level=info contentType="script[type='application/ld+json']" url="https://catalogue.cioos.ca/dataset/bb05a4f9-f57b-41c6-b70c-6b8ffd86fb721"
level=info contentType="script[type='application/ld+json']" url="https://catalogue.cioos.ca/dataset/ca-cioos_ef3687c3-cc6a-44f2-b384-26068512ca5e"
level=info contentType="script[type='application/ld+json']" url="https://catalogue.cioos.ca/dataset/a1b3ad61-aea0-4286-8395-85937c4bccfb1"
level=info contentType="script[type='application/ld+json']" url="https://catalogue.cioos.ca/dataset/ca-cioos_df9dc1b2-b786-322f-9e92-900c446752ef1"
level=info contentType="script[type='application/ld+json']" url="https://catalogue.cioos.ca/dataset/009b5dec-faa0-4f75-8e4b-a5648a25526c1"
level=info contentType="script[type='application/ld+json']" url="https://catalogue.cioos.ca/dataset/986ce776-e6d7-484d-9b7c-3449a73686491"
level=info contentType="script[type='application/ld+json']" url="https://catalogue.cioos.ca/dataset/dd0c6cca-ed31-4609-b5f6-0d9a96638c321"
level=info contentType="script[type='application/ld+json']" url="https://catalogue.cioos.ca/dataset/ca-cioos_4ce2100d-41a6-382e-8273-d743919e32f71"
level=info contentType="script[type='application/ld+json']" url="https://catalogue.cioos.ca/dataset/ca-cioos_01fd41f3-d775-379d-ae08-05f9d5e7b5381"
level=info contentType="script[type='application/ld+json']" url="https://catalogue.cioos.ca/dataset/ca-cioos_15f90eab-21ed-447d-aea7-8fe98ea27fe51"
level=info contentType="script[type='application/ld+json']" url="https://catalogue.cioos.ca/dataset/ca-cioos_e0551741-9bcc-4c48-976b-1c2854a32d341"
level=info contentType="script[type='application/ld+json']" url="https://catalogue.cioos.ca/dataset/9c15def6-7694-4256-bffc-54897be66c5b"
level=info contentType="script[type='application/ld+json']" url="https://catalogue.cioos.ca/dataset/b8d816f3-e188-4cb2-98ba-6c5b6412433f1"
level=info contentType="script[type='application/ld+json']" url="https://catalogue.cioos.ca/dataset/f9ba05a6-30ff-47a2-a745-0b7c39646e0e"
level=info contentType="script[type='application/ld+json']" url="https://catalogue.cioos.ca/dataset/b2e93605-6383-4670-97af-6f1f455f2d611"
level=info contentType="script[type='application/ld+json']" url="https://catalogue.cioos.ca/dataset/c0fe9994-e86c-4fa3-9af6-141b630fa3371"
level=info contentType="script[type='application/ld+json']" url="https://catalogue.cioos.ca/dataset/9c24668a-37a6-4e99-ab55-dec80adb3bed"
level=info contentType="script[type='application/ld+json']" url="https://catalogue.cioos.ca/dataset/fd3e7a99-af61-4a5d-9e6b-22496a31062e1"
level=info contentType="script[type='application/ld+json']" url="https://catalogue.cioos.ca/dataset/ca-cioos_48c63fe2-c8e1-4696-9ef7-334d5742dee81"
level=info contentType="script[type='application/ld+json']" url="https://catalogue.cioos.ca/dataset/0893d7d3-2d08-417d-8e8a-312dfa420a45"
level=info contentType="script[type='application/ld+json']" url="https://catalogue.cioos.ca/dataset/ca-cioos_effed135-3c69-434c-8502-09ad3a2f96ac"
level=info contentType="script[type='application/ld+json']" url="https://catalogue.cioos.ca/dataset/ca-meopar_bb1_bop_level11"
level=info contentType="script[type='application/ld+json']" url="https://catalogue.cioos.ca/dataset/0fb1bc5e-0eb6-4dba-b494-0b80845b20301"
level=info contentType="script[type='application/ld+json']" url="https://catalogue.cioos.ca/dataset/b2577a40-9297-4d9e-bf0a-abba2a333515"
level=info contentType="script[type='application/ld+json']" url="https://catalogue.cioos.ca/dataset/543dc070-e65a-44d9-afc7-a0e791d72930"
level=info contentType="script[type='application/ld+json']" url="https://catalogue.cioos.ca/dataset/bd8b34da-f570-4fa2-bc8b-fe8c09212f3f1"
level=info contentType="script[type='application/ld+json']" url="https://catalogue.cioos.ca/dataset/61f4cc32-0833-406f-80da-b725418239f31"
level=info contentType="script[type='application/ld+json']" url="https://catalogue.cioos.ca/dataset/8e7b2682-fb5d-4fa0-9d5b-96fcbcbf33e6"
level=info contentType="script[type='application/ld+json']" url="https://catalogue.cioos.ca/dataset/05093102-f7b2-4d9b-9862-9ede15692f91"
level=info contentType="script[type='application/ld+json']" url="https://catalogue.cioos.ca/dataset/a203aea5-5d3a-4ee3-b59d-274a15b0f140"
level=info contentType="script[type='application/ld+json']" url="https://catalogue.cioos.ca/dataset/7de2b07b-e3d5-4585-bdea-45ce6b749318"
level=info contentType="script[type='application/ld+json']" url="https://catalogue.cioos.ca/dataset/5ad9fdd7-b771-4a53-806a-e7c9cde9e2a9"
level=info contentType="script[type='application/ld+json']" url="https://catalogue.cioos.ca/dataset/ca-cioos_72c91e45-2578-304b-9794-98a65642e24d1"
level=info contentType="script[type='application/ld+json']" url="https://catalogue.cioos.ca/dataset/a43f7283-5107-474e-ade2-41c25c1b5b85"
level=info contentType="script[type='application/ld+json']" url="https://catalogue.cioos.ca/dataset/ba415b2f-97dc-48e1-b555-fbd98524d591"
level=info contentType="script[type='application/ld+json']" url="https://catalogue.cioos.ca/dataset/271d65ab-382a-4b68-97d7-b1e7a252071c"
level=info contentType="script[type='application/ld+json']" url="https://catalogue.cioos.ca/dataset/d3adad35-6017-4936-a291-9d2642231f30"
level=info contentType="script[type='application/ld+json']" url="https://catalogue.cioos.ca/dataset/e0d2adc8-cdcd-4041-9f0f-14e269e4a1a8"
level=info contentType="script[type='application/ld+json']" url="https://catalogue.cioos.ca/dataset/fe944737-5036-41f6-a198-7d91b50782d9"
level=info contentType="script[type='application/ld+json']" url="https://catalogue.cioos.ca/dataset/13aa6f49-7f8f-4b65-bad6-4b52fc386572"
level=info contentType="script[type='application/ld+json']" url="https://catalogue.cioos.ca/dataset/e3b0486b-424a-411d-8246-2d5600fe272c"
level=info contentType="script[type='application/ld+json']" url="https://catalogue.cioos.ca/dataset/addcaf46-f1cb-489e-acf8-362dcbb53bd4"
level=info contentType="script[type='application/ld+json']" url="https://catalogue.cioos.ca/dataset/e672c29a-72d0-4ba0-a8e4-c1253c160e3a"
level=info contentType="script[type='application/ld+json']" url="https://catalogue.cioos.ca/dataset/d549d183-e83e-4b55-addd-1998e9d7d271"
level=info contentType="script[type='application/ld+json']" url="https://catalogue.cioos.ca/dataset/4a99522f-cfd2-4ddf-b1ff-b94e45c34ae1"
level=info contentType="script[type='application/ld+json']" url="https://catalogue.cioos.ca/dataset/0fa7994e-d331-4b39-8ac0-ad11680f3f89"
level=info contentType="script[type='application/ld+json']" url="https://catalogue.cioos.ca/dataset/dd00b43a-b4f0-457f-b070-26bec0590307"
level=info contentType="script[type='application/ld+json']" url="https://catalogue.cioos.ca/dataset/c73dcc83-0489-44d1-8516-d580f932164e"
level=info contentType="script[type='application/ld+json']" url="https://catalogue.cioos.ca/dataset/1c92127d-0a96-4efe-9ed7-7ef317bb16f4"
level=info contentType="script[type='application/ld+json']" url="https://catalogue.cioos.ca/dataset/acf8fe28-cec5-4165-b7f3-c378bd8de3e5"
level=info contentType="script[type='application/ld+json']" url="https://catalogue.cioos.ca/dataset/be03e7bd-7550-4f7c-8d6f-1c6c62b52a7e"
level=info contentType="script[type='application/ld+json']" url="https://catalogue.cioos.ca/dataset/c5cd0645-8235-4269-9f10-a3f52a9987e7"
level=info contentType="script[type='application/ld+json']" url="https://catalogue.cioos.ca/dataset/347c92e5-ed4a-4c6e-9ccd-de23292c2a8d"
level=info contentType="script[type='application/ld+json']" url="https://catalogue.cioos.ca/dataset/601cd93d-39e9-441e-87a0-dd2d91cc24e0"
level=info contentType="script[type='application/ld+json']" url="https://catalogue.cioos.ca/dataset/eda0c494-ee3e-4c62-8362-37eb543b33fd"
level=info contentType="script[type='application/ld+json']" url="https://catalogue.cioos.ca/dataset/d0186476-ba36-4d0c-9331-1ed190329a78"
level=info contentType="script[type='application/ld+json']" url="https://catalogue.cioos.ca/dataset/63da3aec-fe38-4321-bee4-f28b2f347158"
level=info contentType="script[type='application/ld+json']" url="https://catalogue.cioos.ca/dataset/eac83715-730a-46d8-a260-81881e7c339c"
level=info contentType="script[type='application/ld+json']" url="https://catalogue.cioos.ca/dataset/e7d49bda-2158-4784-9ee9-e9b48d8368c7"
level=info contentType="script[type='application/ld+json']" url="https://catalogue.cioos.ca/dataset/47128f0f-d09d-46bb-a2a6-a05e102f9bd1"
level=info contentType="script[type='application/ld+json']" url="https://catalogue.cioos.ca/dataset/2b702e6d-96fa-4930-a3f4-b7aa76cecf55"
level=info contentType="script[type='application/ld+json']" url="https://catalogue.cioos.ca/dataset/13fce0d8-eb1f-4b6f-9297-c024a9d8e955"
level=info contentType="script[type='application/ld+json']" url="https://catalogue.cioos.ca/dataset/edb6198a-0f78-49f6-9fb5-94dbb4726255"
level=info contentType="script[type='application/ld+json']" url="https://catalogue.cioos.ca/dataset/546e3573-b33b-4734-ad20-0ce7922d78d5"
level=info contentType="script[type='application/ld+json']" url="https://catalogue.cioos.ca/dataset/85177a0d-c6b3-4e07-8520-ff7eb6304f86"
level=info contentType="script[type='application/ld+json']" url="https://catalogue.cioos.ca/dataset/214d0275-db96-4c77-8228-8978ce0dba30"
level=info contentType="script[type='application/ld+json']" url="https://catalogue.cioos.ca/dataset/0b7be7e9-aa1a-4a4e-9cf6-25776d999d2c"
level=info contentType="script[type='application/ld+json']" url="https://catalogue.cioos.ca/dataset/3eeb973d-5bc5-45c5-8597-41121fd44d67"
level=info contentType="script[type='application/ld+json']" url="https://catalogue.cioos.ca/dataset/d2482d46-dc43-4cf2-ae0e-e7c979567f74"
level=info contentType="script[type='application/ld+json']" url="https://catalogue.cioos.ca/dataset/e7a0f4a5-57b9-4a0b-ae85-ca2fb6c70aad"
level=info contentType="script[type='application/ld+json']" url="https://catalogue.cioos.ca/dataset/0a56769e-1b3f-4da1-b54f-b0fdefe0c0e3"
level=info contentType="script[type='application/ld+json']" url="https://catalogue.cioos.ca/dataset/b816186c-6345-4454-88eb-fbb31ac5e92a"
level=info contentType="script[type='application/ld+json']" url="https://catalogue.cioos.ca/dataset/e21be29f-610c-4bcf-aa0b-885588c722fe"
level=info contentType="script[type='application/ld+json']" url="https://catalogue.cioos.ca/dataset/3ad5fb0c-06e8-4a27-a9b0-7c4860c45f19"
level=info contentType="script[type='application/ld+json']" url="https://catalogue.cioos.ca/dataset/33356c46-ef92-4dcb-b933-693d47da2d2f"
level=info contentType="script[type='application/ld+json']" url="https://catalogue.cioos.ca/dataset/9fc9847f-be09-4ae2-84bb-74caed371e00"
level=info contentType="script[type='application/ld+json']" url="https://catalogue.cioos.ca/dataset/63ab30c4-36c5-4c4f-8110-bcf912cd0a67"
level=info contentType="script[type='application/ld+json']" url="https://catalogue.cioos.ca/dataset/a5215e73-6288-4f12-8a9e-e029527523b6"
level=info contentType="script[type='application/ld+json']" url="https://catalogue.cioos.ca/dataset/937c6546-857e-4da0-a245-20b6caf6ba08"
level=info contentType="script[type='application/ld+json']" url="https://catalogue.cioos.ca/dataset/eddb44be-0206-4509-a57b-ce7c9d312256"
level=info contentType="script[type='application/ld+json']" url="https://catalogue.cioos.ca/dataset/0c789db6-ae46-4899-9d7e-eb151bf49fdd1"
level=info contentType="script[type='application/ld+json']" url="https://catalogue.cioos.ca/dataset/e0b7560f-ae78-4d16-ab6b-c1483b8cee66"
level=info contentType="script[type='application/ld+json']" url="https://catalogue.cioos.ca/dataset/00b44429-0fc3-4fe3-8933-499a98a21b5b"
level=info contentType="script[type='application/ld+json']" url="https://catalogue.cioos.ca/dataset/f1a8defa-1bc0-4da6-bfe5-2f7d42043438"
level=info contentType="script[type='application/ld+json']" url="https://catalogue.cioos.ca/dataset/83c1c1d3-3e0d-4402-b2e0-9008d5b0bcc0"
level=info contentType="script[type='application/ld+json']" url="https://catalogue.cioos.ca/dataset/5ed5c14d-5957-4f14-a18e-c8865dedb321"
level=info contentType="script[type='application/ld+json']" url="https://catalogue.cioos.ca/dataset/bdb7c3fd-70c2-4bc2-bbcf-cf1efc8a568b1"
level=info contentType="script[type='application/ld+json']" url="https://catalogue.cioos.ca/dataset/cbfdfa0e-d07f-4036-a709-41a77c2d1ec5"
level=info contentType="script[type='application/ld+json']" url="https://catalogue.cioos.ca/dataset/69c60ca5-c97c-4eda-a213-c9b3441e3fff"
level=info contentType="script[type='application/ld+json']" url="https://catalogue.cioos.ca/dataset/2ea07d08-9957-467d-b264-26ea09aaab59"
level=info contentType="script[type='application/ld+json']" url="https://catalogue.cioos.ca/dataset/74afcc94-e40d-4fd6-a667-cb179bec1f3a"
level=info contentType="script[type='application/ld+json']" url="https://catalogue.cioos.ca/dataset/1fe7d1f8-1716-48aa-89ad-fd85040e3f3b"
level=info contentType="script[type='application/ld+json']" url="https://catalogue.cioos.ca/dataset/32c88ff2-fff4-4eb9-928e-7e82ce899a17"
level=info contentType="script[type='application/ld+json']" url="https://catalogue.cioos.ca/dataset/4d130096-1aea-4296-8353-a4335e0c36bb"
level=info contentType="script[type='application/ld+json']" url="https://catalogue.cioos.ca/dataset/727ab5f6-1b00-469c-b852-a5128a5eadd0"
level=info contentType="script[type='application/ld+json']" url="https://catalogue.cioos.ca/dataset/ddd64aa8-5890-414f-9944-0c5b4d817268"
level=info contentType="script[type='application/ld+json']" url="https://catalogue.cioos.ca/dataset/179cd76c-5c0f-4686-9cc9-946e4348f490"
level=info contentType="script[type='application/ld+json']" url="https://catalogue.cioos.ca/dataset/8eadde71-7df9-4553-a899-05df33d6172a"
level=info contentType="script[type='application/ld+json']" url="https://catalogue.cioos.ca/dataset/9fd100c3-1ab1-4a35-b81a-cc846d6e5203"
level=info contentType="script[type='application/ld+json']" url="https://catalogue.cioos.ca/dataset/fc97a1b3-f2e8-411b-bb22-b526fc7a5d8e"
level=info contentType="script[type='application/ld+json']" url="https://catalogue.cioos.ca/dataset/d11f5dbf-201b-4bc5-ba07-ef504eccef36"
level=info contentType="script[type='application/ld+json']" url="https://catalogue.cioos.ca/dataset/29efdc0f-87b7-4856-b730-c10972dd899c"
level=info contentType="script[type='application/ld+json']" url="https://catalogue.cioos.ca/dataset/15db6dce-3809-4dd2-8333-fdcc9f832a63"
level=info contentType="script[type='application/ld+json']" url="https://catalogue.cioos.ca/dataset/60cc9250-cc05-49c1-9eff-14fcf5f3ad52"
level=info contentType="script[type='application/ld+json']" url="https://catalogue.cioos.ca/dataset/e2698e8f-0ba9-43c5-9bdc-586df5baea57"
level=info contentType="script[type='application/ld+json']" url="https://catalogue.cioos.ca/dataset/894eee8b-95df-4884-b0c3-6455ba8af2a6"
level=info contentType="script[type='application/ld+json']" url="https://catalogue.cioos.ca/dataset/cb0063bd-91b8-4e00-bcce-d5d0124a16a7"
level=info contentType="script[type='application/ld+json']" url="https://catalogue.cioos.ca/dataset/5c6eae18-2075-4491-82cf-cf834b2e5fe2"
level=info contentType="script[type='application/ld+json']" url="https://catalogue.cioos.ca/dataset/0c6b6ba7-2fed-497d-bb35-9f8e181bf02c"
level=info contentType="script[type='application/ld+json']" url="https://catalogue.cioos.ca/dataset/8657c3cf-5a95-4c28-9cd7-ec0cc7bcd672"
level=info contentType="script[type='application/ld+json']" url="https://catalogue.cioos.ca/dataset/663c82fb-84b9-4cd8-8b0f-b97cc58b95d8"
level=info contentType="script[type='application/ld+json']" url="https://catalogue.cioos.ca/dataset/ff0232d8-34bd-4456-be28-20d4f8b2937c"
level=info contentType="script[type='application/ld+json']" url="https://catalogue.cioos.ca/dataset/a73c2ce7-70ae-4bde-9b4e-cb20cb3778ae"
level=info contentType="script[type='application/ld+json']" url="https://catalogue.cioos.ca/dataset/9e57d03f-972b-4081-98ac-f516c384ae95"
level=info contentType="script[type='application/ld+json']" url="https://catalogue.cioos.ca/dataset/a69ab2f1-f3c0-4e3f-b2e3-2f20d5b2f825"
level=info contentType="script[type='application/ld+json']" url="https://catalogue.cioos.ca/dataset/62e3bb96-a5cf-4933-96b9-91a95c09e503"
level=info contentType="script[type='application/ld+json']" url="https://catalogue.cioos.ca/dataset/01a51736-5866-41ed-bc8a-6490f3f1a701"
level=info contentType="script[type='application/ld+json']" url="https://catalogue.cioos.ca/dataset/d2c4c170-6e1d-42c3-bd6b-147d1291ec9c"
level=info contentType="script[type='application/ld+json']" url="https://catalogue.cioos.ca/dataset/dbbbd100-e2cf-4fd6-802a-813231aa9295"
level=info contentType="script[type='application/ld+json']" url="https://catalogue.cioos.ca/dataset/cfe574da-f653-4154-8224-d88503c9e93b"
level=info contentType="script[type='application/ld+json']" url="https://catalogue.cioos.ca/dataset/3921f780-0d96-4b6d-aafa-6191c4780d1d"
level=info contentType="script[type='application/ld+json']" url="https://catalogue.cioos.ca/dataset/205ad8bf-ba1b-4871-b6f2-d1175534c79a"
level=info contentType="script[type='application/ld+json']" url="https://catalogue.cioos.ca/dataset/771287b5-bae5-4e23-88ec-7124dbee25be"
level=info contentType="script[type='application/ld+json']" url="https://catalogue.cioos.ca/dataset/d76f31ca-30a2-4d85-8732-1607bc354684"
level=info contentType="script[type='application/ld+json']" url="https://catalogue.cioos.ca/dataset/fcf9555b-a295-4895-986f-c4d0c28bde4a"
level=info contentType="script[type='application/ld+json']" url="https://catalogue.cioos.ca/dataset/73e974a4-b78d-482c-b8b2-16d5160e88c0"
level=info contentType="script[type='application/ld+json']" url="https://catalogue.cioos.ca/dataset/4ad1d1ca-b955-4661-84ed-5353b0c56cfd"
level=info contentType="script[type='application/ld+json']" url="https://catalogue.cioos.ca/dataset/185f1667-b0b2-4900-8215-fa624eaf483b"
level=info contentType="script[type='application/ld+json']" url="https://catalogue.cioos.ca/dataset/e2bd02f1-b265-426c-a992-dc5eddf8bb27"
level=info contentType="script[type='application/ld+json']" url="https://catalogue.cioos.ca/dataset/220e08e1-4d3c-4fab-8665-1b7b969c9404"
level=info contentType="script[type='application/ld+json']" url="https://catalogue.cioos.ca/dataset/6089a32b-37c7-4be3-9337-019569f74184"
level=info contentType="script[type='application/ld+json']" url="https://catalogue.cioos.ca/dataset/e1f149f3-888c-4343-be6c-db48fc8c57da"
level=info contentType="script[type='application/ld+json']" url="https://catalogue.cioos.ca/dataset/369f89a0-15a4-4d31-97ab-7f75a5d00db6"
level=info contentType="script[type='application/ld+json']" url="https://catalogue.cioos.ca/dataset/56dfbd9f-513f-4f6e-bf18-2e5ef94ed191"
level=info contentType="script[type='application/ld+json']" url="https://catalogue.cioos.ca/dataset/8e3e1251-3c66-428a-b081-587421566479"
level=info contentType="script[type='application/ld+json']" url="https://catalogue.cioos.ca/dataset/71b96129-7a1f-47fd-91b1-640d71a7735a"
level=info contentType="script[type='application/ld+json']" url="https://catalogue.cioos.ca/dataset/a6365280-b480-4187-a1ee-5f15276518f2"
level=info contentType="script[type='application/ld+json']" url="https://catalogue.cioos.ca/dataset/2a6dd84d-3994-425d-aabc-29718ede41bb"
level=info contentType="script[type='application/ld+json']" url="https://catalogue.cioos.ca/dataset/553098f2-7bd8-4039-9721-e005835f1020"
level=info contentType="script[type='application/ld+json']" url="https://catalogue.cioos.ca/dataset/e24f1eb3-f131-4f38-9e29-a4753e1cb788"
level=info contentType="script[type='application/ld+json']" url="https://catalogue.cioos.ca/dataset/4fe024b2-695a-4138-933d-5d7a684d0449"
