level=info msg="Queuing URLs for africaioc"
level=info msg="URL Count 255"
level=debug contentType="json or ld_json" url="https://ioc-africa.org/dbs/jsonld/researchVessels.php?id=5"
level=debug contentType="json or ld_json" url="https://ioc-africa.org/dbs/jsonld/researchVessels.php?id=7"
level=debug contentType="json or ld_json" url="https://ioc-africa.org/dbs/jsonld/researchVessels.php?id=77"
level=debug contentType="json or ld_json" url="https://ioc-africa.org/dbs/jsonld/oceanProjects.php?id=92"
level=debug contentType="json or ld_json" url="https://ioc-africa.org/dbs/jsonld/oceanProjects.php?id=125"
level=debug contentType="json or ld_json" url="https://ioc-africa.org/dbs/jsonld/oceanProjects.php?id=108"
level=debug contentType="json or ld_json" url="https://ioc-africa.org/dbs/jsonld/researchVessels.php?id=78"
level=debug contentType="json or ld_json" url="https://ioc-africa.org/dbs/jsonld/oceanProjects.php?id=93"
level=debug contentType="json or ld_json" url="https://ioc-africa.org/dbs/jsonld/researchVessels.php?id=9"
level=debug contentType="json or ld_json" url="https://ioc-africa.org/dbs/jsonld/oceanProjects.php?id=94"
level=debug contentType="json or ld_json" url="https://ioc-africa.org/dbs/jsonld/previousExpeditions.php?id=134"
level=debug contentType="json or ld_json" url="https://ioc-africa.org/dbs/jsonld/researchVessels.php?id=79"
level=debug contentType="json or ld_json" url="https://ioc-africa.org/dbs/jsonld/oceanProjects.php?id=126"
level=debug contentType="json or ld_json" url="https://ioc-africa.org/dbs/jsonld/oceanProjects.php?id=95"
level=debug contentType="json or ld_json" url="https://ioc-africa.org/dbs/jsonld/researchVessels.php?id=80"
level=debug contentType="json or ld_json" url="https://ioc-africa.org/dbs/jsonld/oceanProjects.php?id=96"
level=debug contentType="json or ld_json" url="https://ioc-africa.org/dbs/jsonld/researchVessels.php?id=10"
level=debug contentType="json or ld_json" url="https://ioc-africa.org/dbs/jsonld/oceanProjects.php?id=62"
level=debug contentType="json or ld_json" url="https://ioc-africa.org/dbs/jsonld/researchVessels.php?id=11"
level=debug contentType="json or ld_json" url="https://ioc-africa.org/dbs/jsonld/oceanProjects.php?id=146"
level=debug contentType="json or ld_json" url="https://ioc-africa.org/dbs/jsonld/researchVessels.php?id=31"
level=debug contentType="json or ld_json" url="https://ioc-africa.org/dbs/jsonld/previousExpeditions.php?id=124"
level=debug contentType="json or ld_json" url="https://ioc-africa.org/dbs/jsonld/researchVessels.php?id=33"
level=debug contentType="json or ld_json" url="https://ioc-africa.org/dbs/jsonld/oceanProjects.php?id=82"
level=debug contentType="json or ld_json" url="https://ioc-africa.org/dbs/jsonld/oceanProjects.php?id=77"
level=debug contentType="json or ld_json" url="https://ioc-africa.org/dbs/jsonld/previousExpeditions.php?id=125"
level=debug contentType="json or ld_json" url="https://ioc-africa.org/dbs/jsonld/oceanProjects.php?id=78"
level=debug contentType="json or ld_json" url="https://ioc-africa.org/dbs/jsonld/previousExpeditions.php?id=126"
level=debug contentType="json or ld_json" url="https://ioc-africa.org/dbs/jsonld/oceanProjects.php?id=79"
level=debug contentType="json or ld_json" url="https://ioc-africa.org/dbs/jsonld/previousExpeditions.php?id=127"
level=debug contentType="json or ld_json" url="https://ioc-africa.org/dbs/jsonld/oceanProjects.php?id=80"
level=debug contentType="json or ld_json" url="https://ioc-africa.org/dbs/jsonld/previousExpeditions.php?id=129"
level=debug contentType="json or ld_json" url="https://ioc-africa.org/dbs/jsonld/oceanProjects.php?id=81"
level=debug contentType="json or ld_json" url="https://ioc-africa.org/dbs/jsonld/oceanProjects.php?id=76"
level=debug contentType="json or ld_json" url="https://ioc-africa.org/dbs/jsonld/oceanProjects.php?id=145"
level=debug contentType="json or ld_json" url="https://ioc-africa.org/dbs/jsonld/oceanProjects.php?id=63"
level=debug contentType="json or ld_json" url="https://ioc-africa.org/dbs/jsonld/oceanProjects.php?id=57"
level=debug contentType="json or ld_json" url="https://ioc-africa.org/dbs/jsonld/oceanProjects.php?id=97"
level=debug contentType="json or ld_json" url="https://ioc-africa.org/dbs/jsonld/oceanProjects.php?id=56"
level=debug contentType="json or ld_json" url="https://ioc-africa.org/dbs/jsonld/researchVessels.php?id=84"
level=debug contentType="json or ld_json" url="https://ioc-africa.org/dbs/jsonld/oceanProjects.php?id=64"
level=debug contentType="json or ld_json" url="https://ioc-africa.org/dbs/jsonld/oceanProjects.php?id=127"
level=debug contentType="json or ld_json" url="https://ioc-africa.org/dbs/jsonld/oceanProjects.php?id=58"
level=debug contentType="json or ld_json" url="https://ioc-africa.org/dbs/jsonld/oceanProjects.php?id=98"
level=debug contentType="json or ld_json" url="https://ioc-africa.org/dbs/jsonld/oceanProjects.php?id=66"
level=debug contentType="json or ld_json" url="https://ioc-africa.org/dbs/jsonld/previousExpeditions.php?id=240"
level=debug contentType="json or ld_json" url="https://ioc-africa.org/dbs/jsonld/previousExpeditions.php?id=188"
level=debug contentType="json or ld_json" url="https://ioc-africa.org/dbs/jsonld/previousExpeditions.php?id=189"
level=debug contentType="json or ld_json" url="https://ioc-africa.org/dbs/jsonld/previousExpeditions.php?id=130"
level=debug contentType="json or ld_json" url="https://ioc-africa.org/dbs/jsonld/previousExpeditions.php?id=164"
level=debug contentType="json or ld_json" url="https://ioc-africa.org/dbs/jsonld/previousExpeditions.php?id=131"
level=debug contentType="json or ld_json" url="https://ioc-africa.org/dbs/jsonld/researchVessels.php?id=35"
level=debug contentType="json or ld_json" url="https://ioc-africa.org/dbs/jsonld/oceanProjects.php?id=136"
level=debug contentType="json or ld_json" url="https://ioc-africa.org/dbs/jsonld/previousExpeditions.php?id=347"
level=debug contentType="json or ld_json" url="https://ioc-africa.org/dbs/jsonld/researchVessels.php?id=83"
level=debug contentType="json or ld_json" url="https://ioc-africa.org/dbs/jsonld/oceanProjects.php?id=137"
level=debug contentType="json or ld_json" url="https://ioc-africa.org/dbs/jsonld/previousExpeditions.php?id=324"
level=debug contentType="json or ld_json" url="https://ioc-africa.org/dbs/jsonld/previousExpeditions.php?id=193"
level=debug contentType="json or ld_json" url="https://ioc-africa.org/dbs/jsonld/previousExpeditions.php?id=327"
level=debug contentType="json or ld_json" url="https://ioc-africa.org/dbs/jsonld/oceanProjects.php?id=138"
level=debug contentType="json or ld_json" url="https://ioc-africa.org/dbs/jsonld/previousExpeditions.php?id=350"
level=debug contentType="json or ld_json" url="https://ioc-africa.org/dbs/jsonld/researchVessels.php?id=45"
level=debug contentType="json or ld_json" url="https://ioc-africa.org/dbs/jsonld/previousExpeditions.php?id=167"
level=debug contentType="json or ld_json" url="https://ioc-africa.org/dbs/jsonld/oceanProjects.php?id=139"
level=debug contentType="json or ld_json" url="https://ioc-africa.org/dbs/jsonld/previousExpeditions.php?id=210"
level=debug contentType="json or ld_json" url="https://ioc-africa.org/dbs/jsonld/oceanProjects.php?id=59"
level=debug contentType="json or ld_json" url="https://ioc-africa.org/dbs/jsonld/oceanProjects.php?id=87"
level=debug contentType="json or ld_json" url="https://ioc-africa.org/dbs/jsonld/oceanProjects.php?id=128"
level=debug contentType="json or ld_json" url="https://ioc-africa.org/dbs/jsonld/previousExpeditions.php?id=299"
level=debug contentType="json or ld_json" url="https://ioc-africa.org/dbs/jsonld/oceanProjects.php?id=84"
level=debug contentType="json or ld_json" url="https://ioc-africa.org/dbs/jsonld/previousExpeditions.php?id=168"
level=debug contentType="json or ld_json" url="https://ioc-africa.org/dbs/jsonld/previousExpeditions.php?id=123"
level=debug contentType="json or ld_json" url="https://ioc-africa.org/dbs/jsonld/oceanProjects.php?id=89"
level=debug contentType="json or ld_json" url="https://ioc-africa.org/dbs/jsonld/previousExpeditions.php?id=241"
level=debug contentType="json or ld_json" url="https://ioc-africa.org/dbs/jsonld/oceanProjects.php?id=86"
level=debug contentType="json or ld_json" url="https://ioc-africa.org/dbs/jsonld/oceanProjects.php?id=147"
level=debug contentType="json or ld_json" url="https://ioc-africa.org/dbs/jsonld/previousExpeditions.php?id=132"
level=debug contentType="json or ld_json" url="https://ioc-africa.org/dbs/jsonld/previousExpeditions.php?id=332"
level=debug contentType="json or ld_json" url="https://ioc-africa.org/dbs/jsonld/previousExpeditions.php?id=145"
level=debug contentType="json or ld_json" url="https://ioc-africa.org/dbs/jsonld/oceanProjects.php?id=129"
level=debug contentType="json or ld_json" url="https://ioc-africa.org/dbs/jsonld/previousExpeditions.php?id=133"
level=debug contentType="json or ld_json" url="https://ioc-africa.org/dbs/jsonld/previousExpeditions.php?id=247"
level=debug contentType="json or ld_json" url="https://ioc-africa.org/dbs/jsonld/previousExpeditions.php?id=171"
level=debug contentType="json or ld_json" url="https://ioc-africa.org/dbs/jsonld/oceanProjects.php?id=130"
level=debug contentType="json or ld_json" url="https://ioc-africa.org/dbs/jsonld/previousExpeditions.php?id=135"
level=debug contentType="json or ld_json" url="https://ioc-africa.org/dbs/jsonld/previousExpeditions.php?id=173"
level=debug contentType="json or ld_json" url="https://ioc-africa.org/dbs/jsonld/oceanProjects.php?id=142"
level=debug contentType="json or ld_json" url="https://ioc-africa.org/dbs/jsonld/previousExpeditions.php?id=141"
level=debug contentType="json or ld_json" url="https://ioc-africa.org/dbs/jsonld/oceanProjects.php?id=68"
level=debug contentType="json or ld_json" url="https://ioc-africa.org/dbs/jsonld/oceanProjects.php?id=140"
level=debug contentType="json or ld_json" url="https://ioc-africa.org/dbs/jsonld/previousExpeditions.php?id=163"
level=debug contentType="json or ld_json" url="https://ioc-africa.org/dbs/jsonld/oceanProjects.php?id=69"
level=debug contentType="json or ld_json" url="https://ioc-africa.org/dbs/jsonld/oceanProjects.php?id=90"
level=debug contentType="json or ld_json" url="https://ioc-africa.org/dbs/jsonld/previousExpeditions.php?id=212"
level=debug contentType="json or ld_json" url="https://ioc-africa.org/dbs/jsonld/previousExpeditions.php?id=147"
level=debug contentType="json or ld_json" url="https://ioc-africa.org/dbs/jsonld/oceanProjects.php?id=91"
level=debug contentType="json or ld_json" url="https://ioc-africa.org/dbs/jsonld/previousExpeditions.php?id=213"
level=debug contentType="json or ld_json" url="https://ioc-africa.org/dbs/jsonld/previousExpeditions.php?id=149"
level=debug contentType="json or ld_json" url="https://ioc-africa.org/dbs/jsonld/previousExpeditions.php?id=174"
level=debug contentType="json or ld_json" url="https://ioc-africa.org/dbs/jsonld/oceanProjects.php?id=109"
level=debug contentType="json or ld_json" url="https://ioc-africa.org/dbs/jsonld/previousExpeditions.php?id=153"
level=debug contentType="json or ld_json" url="https://ioc-africa.org/dbs/jsonld/previousExpeditions.php?id=177"
level=debug contentType="json or ld_json" url="https://ioc-africa.org/dbs/jsonld/previousExpeditions.php?id=249"
level=debug contentType="json or ld_json" url="https://ioc-africa.org/dbs/jsonld/oceanProjects.php?id=99"
level=debug contentType="json or ld_json" url="https://ioc-africa.org/dbs/jsonld/oceanProjects.php?id=148"
level=debug contentType="json or ld_json" url="https://ioc-africa.org/dbs/jsonld/oceanProjects.php?id=100"
level=debug contentType="json or ld_json" url="https://ioc-africa.org/dbs/jsonld/oceanProjects.php?id=149"
level=debug contentType="json or ld_json" url="https://ioc-africa.org/dbs/jsonld/previousExpeditions.php?id=178"
level=debug contentType="json or ld_json" url="https://ioc-africa.org/dbs/jsonld/previousExpeditions.php?id=180"
level=debug contentType="json or ld_json" url="https://ioc-africa.org/dbs/jsonld/previousExpeditions.php?id=226"
level=debug contentType="json or ld_json" url="https://ioc-africa.org/dbs/jsonld/previousExpeditions.php?id=235"
level=debug contentType="json or ld_json" url="https://ioc-africa.org/dbs/jsonld/previousExpeditions.php?id=250"
level=debug contentType="json or ld_json" url="https://ioc-africa.org/dbs/jsonld/previousExpeditions.php?id=140"
level=debug contentType="json or ld_json" url="https://ioc-africa.org/dbs/jsonld/previousExpeditions.php?id=137"
level=debug contentType="json or ld_json" url="https://ioc-africa.org/dbs/jsonld/previousExpeditions.php?id=253"
level=debug contentType="json or ld_json" url="https://ioc-africa.org/dbs/jsonld/previousExpeditions.php?id=182"
level=debug contentType="json or ld_json" url="https://ioc-africa.org/dbs/jsonld/previousExpeditions.php?id=236"
level=debug contentType="json or ld_json" url="https://ioc-africa.org/dbs/jsonld/previousExpeditions.php?id=183"
level=debug contentType="json or ld_json" url="https://ioc-africa.org/dbs/jsonld/oceanProjects.php?id=133"
level=debug contentType="json or ld_json" url="https://ioc-africa.org/dbs/jsonld/previousExpeditions.php?id=144"
level=debug contentType="json or ld_json" url="https://ioc-africa.org/dbs/jsonld/previousExpeditions.php?id=255"
level=debug contentType="json or ld_json" url="https://ioc-africa.org/dbs/jsonld/previousExpeditions.php?id=256"
level=info contentType="script[type='application/ld+json']" url="https://nodc.ioc-africa.org/tunisia"
level=debug contentType="json or ld_json" url="https://ioc-africa.org/dbs/jsonld/previousExpeditions.php?id=160"
level=debug contentType="json or ld_json" url="https://ioc-africa.org/dbs/jsonld/oceanProjects.php?id=74"
level=debug contentType="json or ld_json" url="https://ioc-africa.org/dbs/jsonld/previousExpeditions.php?id=224"
level=debug contentType="json or ld_json" url="https://ioc-africa.org/dbs/jsonld/researchVessels.php?id=65"
level=debug contentType="json or ld_json" url="https://ioc-africa.org/dbs/jsonld/oceanProjects.php?id=132"
level=debug contentType="json or ld_json" url="https://ioc-africa.org/dbs/jsonld/previousExpeditions.php?id=214"
level=debug contentType="json or ld_json" url="https://ioc-africa.org/dbs/jsonld/oceanProjects.php?id=110"
level=debug contentType="json or ld_json" url="https://ioc-africa.org/dbs/jsonld/researchVessels.php?id=55"
level=debug contentType="json or ld_json" url="https://ioc-africa.org/dbs/jsonld/oceanProjects.php?id=111"
level=debug contentType="json or ld_json" url="https://ioc-africa.org/dbs/jsonld/researchVessels.php?id=49"
level=debug contentType="json or ld_json" url="https://ioc-africa.org/dbs/jsonld/previousExpeditions.php?id=154"
level=debug contentType="json or ld_json" url="https://ioc-africa.org/dbs/jsonld/researchVessels.php?id=57"
level=debug contentType="json or ld_json" url="https://ioc-africa.org/dbs/jsonld/previousExpeditions.php?id=218"
level=debug contentType="json or ld_json" url="https://ioc-africa.org/dbs/jsonld/previousExpeditions.php?id=161"
level=debug contentType="json or ld_json" url="https://ioc-africa.org/dbs/jsonld/previousExpeditions.php?id=222"
level=debug contentType="json or ld_json" url="https://ioc-africa.org/dbs/jsonld/upcomingExpeditions.php?id=4"
level=debug contentType="json or ld_json" url="https://ioc-africa.org/dbs/jsonld/previousExpeditions.php?id=333"
level=debug contentType="json or ld_json" url="https://ioc-africa.org/dbs/jsonld/oceanProjects.php?id=101"
level=debug contentType="json or ld_json" url="https://ioc-africa.org/dbs/jsonld/oceanProjects.php?id=102"
level=debug contentType="json or ld_json" url="https://ioc-africa.org/dbs/jsonld/previousExpeditions.php?id=342"
level=debug contentType="json or ld_json" url="https://ioc-africa.org/dbs/jsonld/oceanProjects.php?id=144"
level=debug contentType="json or ld_json" url="https://ioc-africa.org/dbs/jsonld/previousExpeditions.php?id=186"
level=debug contentType="json or ld_json" url="https://ioc-africa.org/dbs/jsonld/previousExpeditions.php?id=206"
level=debug contentType="json or ld_json" url="https://ioc-africa.org/dbs/jsonld/oceanProjects.php?id=103"
level=debug contentType="json or ld_json" url="https://ioc-africa.org/dbs/jsonld/previousExpeditions.php?id=345"
level=debug contentType="json or ld_json" url="https://ioc-africa.org/dbs/jsonld/oceanProjects.php?id=143"
level=debug contentType="json or ld_json" url="https://ioc-africa.org/dbs/jsonld/oceanProjects.php?id=104"
level=debug contentType="json or ld_json" url="https://ioc-africa.org/dbs/jsonld/previousExpeditions.php?id=194"
level=debug contentType="json or ld_json" url="https://ioc-africa.org/dbs/jsonld/previousExpeditions.php?id=185"
level=debug contentType="json or ld_json" url="https://ioc-africa.org/dbs/jsonld/previousExpeditions.php?id=346"
level=debug contentType="json or ld_json" url="https://ioc-africa.org/dbs/jsonld/oceanProjects.php?id=120"
level=debug contentType="json or ld_json" url="https://ioc-africa.org/dbs/jsonld/previousExpeditions.php?id=184"
level=debug contentType="json or ld_json" url="https://ioc-africa.org/dbs/jsonld/previousExpeditions.php?id=279"
level=debug contentType="json or ld_json" url="https://ioc-africa.org/dbs/jsonld/previousExpeditions.php?id=195"
level=debug contentType="json or ld_json" url="https://ioc-africa.org/dbs/jsonld/previousExpeditions.php?id=187"
level=debug contentType="json or ld_json" url="https://ioc-africa.org/dbs/jsonld/previousExpeditions.php?id=196"
level=debug contentType="json or ld_json" url="https://ioc-africa.org/dbs/jsonld/previousExpeditions.php?id=261"
level=debug contentType="json or ld_json" url="https://ioc-africa.org/dbs/jsonld/oceanProjects.php?id=105"
level=debug contentType="json or ld_json" url="https://ioc-africa.org/dbs/jsonld/previousExpeditions.php?id=262"
level=debug contentType="json or ld_json" url="https://ioc-africa.org/dbs/jsonld/previousExpeditions.php?id=264"
level=debug contentType="json or ld_json" url="https://ioc-africa.org/dbs/jsonld/oceanProjects.php?id=107"
level=debug contentType="json or ld_json" url="https://ioc-africa.org/dbs/jsonld/previousExpeditions.php?id=272"
level=debug contentType="json or ld_json" url="https://ioc-africa.org/dbs/jsonld/oceanProjects.php?id=131"
level=debug contentType="json or ld_json" url="https://ioc-africa.org/dbs/jsonld/oceanProjects.php?id=134"
level=debug contentType="json or ld_json" url="https://ioc-africa.org/dbs/jsonld/previousExpeditions.php?id=159"
level=debug contentType="json or ld_json" url="https://ioc-africa.org/dbs/jsonld/oceanProjects.php?id=112"
level=debug contentType="json or ld_json" url="https://ioc-africa.org/dbs/jsonld/previousExpeditions.php?id=257"
level=debug contentType="json or ld_json" url="https://ioc-africa.org/dbs/jsonld/oceanProjects.php?id=121"
level=info contentType="script[type='application/ld+json']" url="https://nodc.ioc-africa.org/egypt"
level=debug contentType="json or ld_json" url="https://ioc-africa.org/dbs/jsonld/researchVessels.php?id=51"
level=debug contentType="json or ld_json" url="https://ioc-africa.org/dbs/jsonld/previousExpeditions.php?id=284"
level=debug contentType="json or ld_json" url="https://ioc-africa.org/dbs/jsonld/oceanProjects.php?id=135"
level=debug contentType="json or ld_json" url="https://ioc-africa.org/dbs/jsonld/oceanProjects.php?id=122"
level=debug contentType="json or ld_json" url="https://ioc-africa.org/dbs/jsonld/oceanProjects.php?id=123"
level=debug contentType="json or ld_json" url="https://ioc-africa.org/dbs/jsonld/oceanProjects.php?id=115"
level=debug contentType="json or ld_json" url="https://ioc-africa.org/dbs/jsonld/previousExpeditions.php?id=285"
level=info contentType="script[type='application/ld+json']" url="https://nodc.ioc-africa.org/comoros"
level=debug contentType="json or ld_json" url="https://ioc-africa.org/dbs/jsonld/previousExpeditions.php?id=287"
level=debug contentType="json or ld_json" url="https://ioc-africa.org/dbs/jsonld/researchVessels.php?id=59"
level=debug contentType="json or ld_json" url="https://ioc-africa.org/dbs/jsonld/oceanProjects.php?id=150"
level=debug contentType="json or ld_json" url="https://ioc-africa.org/dbs/jsonld/previousExpeditions.php?id=288"
level=debug contentType="json or ld_json" url="https://ioc-africa.org/dbs/jsonld/researchVessels.php?id=61"
level=debug contentType="json or ld_json" url="https://ioc-africa.org/dbs/jsonld/previousExpeditions.php?id=289"
level=debug contentType="json or ld_json" url="https://ioc-africa.org/dbs/jsonld/previousExpeditions.php?id=116"
level=debug contentType="json or ld_json" url="https://ioc-africa.org/dbs/jsonld/oceanProjects.php?id=114"
level=info contentType="script[type='application/ld+json']" url="https://nodc.ioc-africa.org/angola"
level=debug contentType="json or ld_json" url="https://ioc-africa.org/dbs/jsonld/previousExpeditions.php?id=200"
level=debug contentType="json or ld_json" url="https://ioc-africa.org/dbs/jsonld/oceanProjects.php?id=116"
level=debug contentType="json or ld_json" url="https://ioc-africa.org/dbs/jsonld/previousExpeditions.php?id=120"
level=info contentType="script[type='application/ld+json']" url="https://nodc.ioc-africa.org/cameroon"
level=info contentType="script[type='application/ld+json']" url="https://nodc.ioc-africa.org/ghana"
level=debug contentType="json or ld_json" url="https://ioc-africa.org/dbs/jsonld/oceanProjects.php?id=113"
level=debug contentType="json or ld_json" url="https://ioc-africa.org/dbs/jsonld/previousExpeditions.php?id=121"
level=info contentType="script[type='application/ld+json']" url="https://nodc.ioc-africa.org/benin"
level=debug contentType="json or ld_json" url="https://ioc-africa.org/dbs/jsonld/oceanProjects.php?id=117"
level=debug contentType="json or ld_json" url="https://ioc-africa.org/dbs/jsonld/previousExpeditions.php?id=198"
level=info contentType="script[type='application/ld+json']" url="https://nodc.ioc-africa.org/kenya"
level=debug contentType="json or ld_json" url="https://ioc-africa.org/dbs/jsonld/previousExpeditions.php?id=199"
level=info contentType="script[type='application/ld+json']" url="https://nodc.ioc-africa.org/southafrica"
level=debug contentType="json or ld_json" url="https://ioc-africa.org/dbs/jsonld/previousExpeditions.php?id=203"
level=info contentType="script[type='application/ld+json']" url="https://nodc.ioc-africa.org/togo"
level=info contentType="script[type='application/ld+json']" url="https://nodc.ioc-africa.org/dr-congo"
level=debug contentType="json or ld_json" url="https://ioc-africa.org/dbs/jsonld/previousExpeditions.php?id=201"
level=info contentType="script[type='application/ld+json']" url="https://nodc.ioc-africa.org/mauritius"
level=debug contentType="json or ld_json" url="https://ioc-africa.org/dbs/jsonld/oceanProjects.php?id=124"
level=debug contentType="json or ld_json" url="https://ioc-africa.org/dbs/jsonld/previousExpeditions.php?id=338"
level=info contentType="script[type='application/ld+json']" url="https://nodc.ioc-africa.org/madagascar"
level=debug contentType="json or ld_json" url="https://ioc-africa.org/dbs/jsonld/previousExpeditions.php?id=276"
level=debug contentType="json or ld_json" url="https://ioc-africa.org/dbs/jsonld/previousExpeditions.php?id=334"
level=debug contentType="json or ld_json" url="https://ioc-africa.org/dbs/jsonld/previousExpeditions.php?id=321"
level=debug contentType="json or ld_json" url="https://ioc-africa.org/dbs/jsonld/previousExpeditions.php?id=307"
level=info contentType="script[type='application/ld+json']" url="https://nodc.ioc-africa.org/congo"
level=debug contentType="json or ld_json" url="https://ioc-africa.org/dbs/jsonld/previousExpeditions.php?id=303"
level=debug contentType="json or ld_json" url="https://ioc-africa.org/dbs/jsonld/researchVessels.php?id=70"
level=debug contentType="json or ld_json" url="https://ioc-africa.org/dbs/jsonld/previousExpeditions.php?id=304"
level=debug contentType="json or ld_json" url="https://ioc-africa.org/dbs/jsonld/previousExpeditions.php?id=305"
level=debug contentType="json or ld_json" url="https://ioc-africa.org/dbs/jsonld/previousExpeditions.php?id=301"
level=debug contentType="json or ld_json" url="https://ioc-africa.org/dbs/jsonld/previousExpeditions.php?id=139"
level=debug contentType="json or ld_json" url="https://ioc-africa.org/dbs/jsonld/previousExpeditions.php?id=306"
level=debug contentType="json or ld_json" url="https://ioc-africa.org/dbs/jsonld/previousExpeditions.php?id=310"
level=info contentType="script[type='application/ld+json']" url="https://nodc.ioc-africa.org/mozambique"
level=debug contentType="json or ld_json" url="https://ioc-africa.org/dbs/jsonld/researchVessels.php?id=67"
level=debug contentType="json or ld_json" url="https://ioc-africa.org/dbs/jsonld/researchVessels.php?id=68"
level=debug contentType="json or ld_json" url="https://ioc-africa.org/dbs/jsonld/researchVessels.php?id=53"
level=debug contentType="json or ld_json" url="https://ioc-africa.org/dbs/jsonld/previousExpeditions.php?id=317"
level=debug contentType="json or ld_json" url="https://ioc-africa.org/dbs/jsonld/previousExpeditions.php?id=277"
level=debug contentType="json or ld_json" url="https://ioc-africa.org/dbs/jsonld/researchVessels.php?id=72"
level=debug contentType="json or ld_json" url="https://ioc-africa.org/dbs/jsonld/researchVessels.php?id=74"
level=debug contentType="json or ld_json" url="https://ioc-africa.org/dbs/jsonld/researchVessels.php?id=71"
level=debug contentType="json or ld_json" url="https://ioc-africa.org/dbs/jsonld/previousExpeditions.php?id=312"
level=debug contentType="json or ld_json" url="https://ioc-africa.org/dbs/jsonld/previousExpeditions.php?id=318"
level=debug contentType="json or ld_json" url="https://ioc-africa.org/dbs/jsonld/researchVessels.php?id=75"
level=debug contentType="json or ld_json" url="https://ioc-africa.org/dbs/jsonld/previousExpeditions.php?id=197"
level=info contentType="script[type='application/ld+json']" url="https://nodc.ioc-africa.org/tanzania"
level=info contentType="script[type='application/ld+json']" url="https://nodc.ioc-africa.org/namibia"
level=debug contentType="json or ld_json" url="https://ioc-africa.org/dbs/jsonld/previousExpeditions.php?id=122"
level=debug contentType="json or ld_json" url="https://ioc-africa.org/dbs/jsonld/previousExpeditions.php?id=296"
level=debug contentType="json or ld_json" url="https://ioc-africa.org/dbs/jsonld/previousExpeditions.php?id=275"
level=debug contentType="json or ld_json" url="https://ioc-africa.org/dbs/jsonld/previousExpeditions.php?id=205"
level=debug contentType="json or ld_json" url="https://ioc-africa.org/dbs/jsonld/previousExpeditions.php?id=341"
level=debug contentType="json or ld_json" url="https://ioc-africa.org/dbs/jsonld/previousExpeditions.php?id=340"
level=debug contentType="json or ld_json" url="https://ioc-africa.org/dbs/jsonld/previousExpeditions.php?id=290"
level=debug contentType="json or ld_json" url="https://ioc-africa.org/dbs/jsonld/researchVessels.php?id=66"
level=debug contentType="json or ld_json" url="https://ioc-africa.org/dbs/jsonld/previousExpeditions.php?id=311"
level=debug contentType="json or ld_json" url="https://ioc-africa.org/dbs/jsonld/researchVessels.php?id=47"
level=debug contentType="json or ld_json" url="https://ioc-africa.org/dbs/jsonld/oceanProjects.php?id=141"
level=info contentType="script[type='application/ld+json']" url="https://nodc.ioc-africa.org/nigeria"
level=info contentType="script[type='application/ld+json']" url="https://nodc.ioc-africa.org/sudan"
level=info contentType="script[type='application/ld+json']" url="https://nodc.ioc-africa.org/mauritania"
